2025-07-04 08:31:27 - comic_translator - [32mINFO[0m - [32m==============================[0m
2025-07-04 08:31:27 - comic_translator - [32mINFO[0m - [32mæ¼«ç”»ç¿»è¯‘å™¨å¯åŠ¨[0m
2025-07-04 08:31:27 - comic_translator - [32mINFO[0m - [32m==============================[0m
2025-07-04 08:31:27 - comic_translator - [32mINFO[0m - [32mç³»ç»Ÿä¿¡æ¯: Windows-11-10.0.22000-SP0[0m
2025-07-04 08:31:27 - comic_translator - [32mINFO[0m - [32mPythonç‰ˆæœ¬: 3.12.4[0m
2025-07-04 08:31:27 - comic_translator - [32mINFO[0m - [32må·²æ‰‹åŠ¨æ·»åŠ  '.js' çš„ MIME ç±»å‹ä¸º 'text/javascript'[0m
2025-07-04 08:31:27 - PluginManager - [32mINFO[0m - [32måˆ›å»ºæ’ä»¶ç®¡ç†å™¨å®ä¾‹...[0m
2025-07-04 08:31:27 - PathHelpers - [32mINFO[0m - [32må¼€å‘ç¯å¢ƒä¸­ï¼Œé¡¹ç›®æ ¹ç›®å½•: C:\Users\Administrator\Desktop\shixi\project\Saber-Translator-main[0m
2025-07-04 08:31:27 - PathHelpers - [32mINFO[0m - [32må¼€å‘ç¯å¢ƒä¸­ï¼Œé¡¹ç›®æ ¹ç›®å½•: C:\Users\Administrator\Desktop\shixi\project\Saber-Translator-main[0m
2025-07-04 08:31:27 - PathHelpers - [32mINFO[0m - [32må¼€å‘ç¯å¢ƒä¸­ï¼Œé¡¹ç›®æ ¹ç›®å½•: C:\Users\Administrator\Desktop\shixi\project\Saber-Translator-main[0m
2025-07-04 08:31:27 - ConfigLoader - [32mINFO[0m - [32mæˆåŠŸåŠ è½½ JSON é…ç½®æ–‡ä»¶: C:\Users\Administrator\Desktop\shixi\project\Saber-Translator-main\config\plugin_default_states.json[0m
2025-07-04 08:31:27 - PluginManager - [32mINFO[0m - [32må·²åŠ è½½æ’ä»¶é»˜è®¤å¯ç”¨çŠ¶æ€: {'ç¤ºä¾‹æ’ä»¶': False, 'æ–‡æœ¬è£…é¥°å™¨': False}[0m
2025-07-04 08:31:27 - PluginManager - [32mINFO[0m - [32mæ’ä»¶ç®¡ç†å™¨åˆå§‹åŒ–ï¼Œæ‰«æç›®å½•: ['C:\\Users\\Administrator\\Desktop\\shixi\\project\\Saber-Translator-main\\src/plugins', 'C:\\Users\\Administrator\\Desktop\\shixi\\project\\Saber-Translator-main\\plugins'][0m
2025-07-04 08:31:27 - PluginManager - [32mINFO[0m - [32må¼€å§‹å‘ç°å’ŒåŠ è½½æ’ä»¶...[0m
2025-07-04 08:31:27 - PluginManager - [32mINFO[0m - [32mæ‰«ææ’ä»¶ç›®å½•: C:\Users\Administrator\Desktop\shixi\project\Saber-Translator-main\src/plugins[0m
2025-07-04 08:31:27 - PluginManager - [32mINFO[0m - [32mæ‰«ææ’ä»¶ç›®å½•: C:\Users\Administrator\Desktop\shixi\project\Saber-Translator-main\plugins[0m
2025-07-04 08:31:27 - PluginManager - [32mINFO[0m - [32må‘ç°æ’ä»¶ç±»: ExamplePlugin in example_plugin[0m
2025-07-04 08:31:27 - Plugin.ç¤ºä¾‹æ’ä»¶ - [32mINFO[0m - [32mç¤ºä¾‹æ’ä»¶æ­£åœ¨è®¾ç½®...[0m
2025-07-04 08:31:27 - Plugin.ç¤ºä¾‹æ’ä»¶ - [32mINFO[0m - [32mæ’ä»¶ 'ç¤ºä¾‹æ’ä»¶' é…ç½®å·²åŠ è½½: {}[0m
2025-07-04 08:31:27 - PluginManager - [32mINFO[0m - [32mæ’ä»¶ 'ç¤ºä¾‹æ’ä»¶' åŠ è½½ã€é…ç½®å¹¶è®¾ç½®æˆåŠŸã€‚[0m
2025-07-04 08:31:27 - PluginManager - [32mINFO[0m - [32må‘ç°æ’ä»¶ç±»: TextAffixerPlugin in text_affixer[0m
2025-07-04 08:31:27 - Plugin.æ–‡æœ¬è£…é¥°å™¨ - [32mINFO[0m - [32m'æ–‡æœ¬è£…é¥°å™¨' æ’ä»¶å·²åŠ è½½å¹¶è®¾ç½®ã€‚[0m
2025-07-04 08:31:27 - Plugin.æ–‡æœ¬è£…é¥°å™¨ - [32mINFO[0m - [32mæ’ä»¶ 'æ–‡æœ¬è£…é¥°å™¨' é…ç½®å·²åŠ è½½: {'text_prefix': '', 'text_suffix': '', 'apply_to_textbox': False}[0m
2025-07-04 08:31:27 - PluginManager - [32mINFO[0m - [32mæ’ä»¶ 'æ–‡æœ¬è£…é¥°å™¨' åŠ è½½ã€é…ç½®å¹¶è®¾ç½®æˆåŠŸã€‚[0m
2025-07-04 08:31:27 - PluginManager - [32mINFO[0m - [32mæ’ä»¶åŠ è½½å®Œæˆï¼Œå…±åŠ è½½ 2 ä¸ªæ’ä»¶ã€‚[0m
2025-07-04 08:31:27 - PluginManager - [32mINFO[0m - [32mæ ¹æ®ç”¨æˆ·è®¾ç½®å¯ç”¨æ’ä»¶...[0m
2025-07-04 08:31:27 - PluginManager - [32mINFO[0m - [32må…±å¯ç”¨ 0 ä¸ªæ’ä»¶ï¼ˆæ ¹æ®ç”¨æˆ·è®¾ç½®ï¼‰ã€‚[0m
2025-07-04 08:31:27 - comic_translator - [32mINFO[0m - [32mæ’ä»¶ç®¡ç†å™¨åˆå§‹åŒ–å®Œæˆã€‚[0m
2025-07-04 08:31:34 - PathHelpers - [32mINFO[0m - [32må¼€å‘ç¯å¢ƒä¸­ï¼Œé¡¹ç›®æ ¹ç›®å½•: C:\Users\Administrator\Desktop\shixi\project\Saber-Translator-main[0m
2025-07-04 08:31:34 - LAMAInterface - [33mWARNING[0m - [33mæœªæ‰¾åˆ° sd-webui-cleaner ç›®å½•: C:\Users\Administrator\Desktop\shixi\project\Saber-Translator-main\sd-webui-cleanerï¼ŒLAMA åŠŸèƒ½ä¸å¯ç”¨ã€‚[0m
2025-07-04 08:31:34 - comic_translator - [32mINFO[0m - [32mè“å›¾æ³¨å†ŒæˆåŠŸ[0m
2025-07-04 08:31:34 - PathHelpers - [32mINFO[0m - [32må¼€å‘ç¯å¢ƒä¸­ï¼Œé¡¹ç›®æ ¹ç›®å½•: C:\Users\Administrator\Desktop\shixi\project\Saber-Translator-main[0m
2025-07-04 08:31:34 - PathHelpers - [32mINFO[0m - [32må¼€å‘ç¯å¢ƒä¸­ï¼Œé¡¹ç›®æ ¹ç›®å½•: C:\Users\Administrator\Desktop\shixi\project\Saber-Translator-main[0m
2025-07-04 08:31:34 - SystemAPI - [32mINFO[0m - [32mæœåŠ¡ç›‘æ§çº¿ç¨‹å·²å¯åŠ¨[0m
2025-07-04 08:31:34 - sakura_service_checker - [32mINFO[0m - [32må¯åŠ¨SakuraæœåŠ¡ç›‘æ§çº¿ç¨‹[0m
2025-07-04 08:31:34 - comic_translator - [32mINFO[0m - [32mæœåŠ¡ç›‘æ§çº¿ç¨‹å·²å¯åŠ¨[0m
2025-07-04 08:31:34 - MangaOCRInterface - [32mINFO[0m - [32måœ¨åå°çº¿ç¨‹ä¸­é¢„åŠ è½½ MangaOCR æ¨¡å‹...[0m
2025-07-04 08:31:34 - MangaOCRInterface - [32mINFO[0m - [32må·²æé«˜é¢„åŠ è½½çº¿ç¨‹ä¼˜å…ˆçº§[0m
2025-07-04 08:31:34 - MangaOCRInterface - [32mINFO[0m - [32må¼€å§‹åˆå§‹åŒ– MangaOCR å®ä¾‹ï¼Œå¦‚æœé¦–æ¬¡ä½¿ç”¨å¯èƒ½ä¼šè‡ªåŠ¨ä¸‹è½½æ¨¡å‹æ–‡ä»¶ã€‚[0m
2025-07-04 08:31:34 - MangaOCRInterface - [32mINFO[0m - [32må·²å¯åŠ¨ MangaOCR æ¨¡å‹é¢„åŠ è½½çº¿ç¨‹ã€‚[0m
2025-07-04 08:31:34 - MangaOCRInterface - [32mINFO[0m - [32mæœªæ£€æµ‹åˆ°GPUï¼Œå°†ä½¿ç”¨CPUè¿è¡Œ[0m
2025-07-04 08:31:34 - comic_translator - [32mINFO[0m - [32må·²å¯åŠ¨ MangaOCR æ¨¡å‹é¢„åŠ è½½çº¿ç¨‹[0m
2025-07-04 08:31:34 - MangaOCRInterface - [32mINFO[0m - [32mä¼˜å…ˆä½¿ç”¨æœ¬åœ°æ¨¡å‹ï¼Œå·²è®¾ç½®ç¦»çº¿æ¨¡å¼...[0m
2025-07-04 08:31:34 - comic_translator - [32mINFO[0m - [32mç¨‹åºæ­£åœ¨è¿è¡Œï¼Œè¯·åœ¨æµè§ˆå™¨ä¸­è®¿é—® http://127.0.0.1:5000/[0m
2025-07-04 08:31:34 - MangaOCRInterface - [33mWARNING[0m - [33mæ— æ³•ä¿®æ”¹transformersç½‘ç»œè¯·æ±‚å‡½æ•°: module 'transformers.utils' has no attribute 'http_get_request'[0m
2025-07-04 08:31:34 - MangaOCRInterface - [31mERROR[0m - [31mä½¿ç”¨æœ¬åœ°è·¯å¾„åŠ è½½æ¨¡å‹å¤±è´¥: Can't load image processor for 'C:\Users\Administrator\Desktop\shixi\project\Saber-Translator-main\src\interfaces\..\..\manga_ocr_model'. If you were trying to load it from 'https://huggingface.co/models', make sure you don't have a local directory with the same name. Otherwise, make sure 'C:\Users\Administrator\Desktop\shixi\project\Saber-Translator-main\src\interfaces\..\..\manga_ocr_model' is the correct path to a directory containing a preprocessor_config.json file[0m
2025-07-04 08:31:34 - MangaOCRInterface - [32mINFO[0m - [32må°è¯•ä½¿ç”¨é»˜è®¤è·¯å¾„åŠ è½½æ¨¡å‹...[0m
2025-07-04 08:31:49 - comic_translator - [32mINFO[0m - [32m==============================[0m
2025-07-04 08:31:49 - comic_translator - [32mINFO[0m - [32mæ¼«ç”»ç¿»è¯‘å™¨å¯åŠ¨[0m
2025-07-04 08:31:49 - comic_translator - [32mINFO[0m - [32m==============================[0m
2025-07-04 08:31:49 - comic_translator - [32mINFO[0m - [32mç³»ç»Ÿä¿¡æ¯: Windows-11-10.0.22000-SP0[0m
2025-07-04 08:31:49 - comic_translator - [32mINFO[0m - [32mPythonç‰ˆæœ¬: 3.12.4[0m
2025-07-04 08:31:49 - comic_translator - [32mINFO[0m - [32må·²æ‰‹åŠ¨æ·»åŠ  '.js' çš„ MIME ç±»å‹ä¸º 'text/javascript'[0m
2025-07-04 08:31:49 - PluginManager - [32mINFO[0m - [32måˆ›å»ºæ’ä»¶ç®¡ç†å™¨å®ä¾‹...[0m
2025-07-04 08:31:49 - PathHelpers - [32mINFO[0m - [32må¼€å‘ç¯å¢ƒä¸­ï¼Œé¡¹ç›®æ ¹ç›®å½•: C:\Users\Administrator\Desktop\shixi\project\Saber-Translator-main[0m
2025-07-04 08:31:49 - PathHelpers - [32mINFO[0m - [32må¼€å‘ç¯å¢ƒä¸­ï¼Œé¡¹ç›®æ ¹ç›®å½•: C:\Users\Administrator\Desktop\shixi\project\Saber-Translator-main[0m
2025-07-04 08:31:49 - PathHelpers - [32mINFO[0m - [32må¼€å‘ç¯å¢ƒä¸­ï¼Œé¡¹ç›®æ ¹ç›®å½•: C:\Users\Administrator\Desktop\shixi\project\Saber-Translator-main[0m
2025-07-04 08:31:49 - ConfigLoader - [32mINFO[0m - [32mæˆåŠŸåŠ è½½ JSON é…ç½®æ–‡ä»¶: C:\Users\Administrator\Desktop\shixi\project\Saber-Translator-main\config\plugin_default_states.json[0m
2025-07-04 08:31:49 - PluginManager - [32mINFO[0m - [32må·²åŠ è½½æ’ä»¶é»˜è®¤å¯ç”¨çŠ¶æ€: {'ç¤ºä¾‹æ’ä»¶': False, 'æ–‡æœ¬è£…é¥°å™¨': False}[0m
2025-07-04 08:31:49 - PluginManager - [32mINFO[0m - [32mæ’ä»¶ç®¡ç†å™¨åˆå§‹åŒ–ï¼Œæ‰«æç›®å½•: ['C:\\Users\\Administrator\\Desktop\\shixi\\project\\Saber-Translator-main\\src/plugins', 'C:\\Users\\Administrator\\Desktop\\shixi\\project\\Saber-Translator-main\\plugins'][0m
2025-07-04 08:31:49 - PluginManager - [32mINFO[0m - [32må¼€å§‹å‘ç°å’ŒåŠ è½½æ’ä»¶...[0m
2025-07-04 08:31:49 - PluginManager - [32mINFO[0m - [32mæ‰«ææ’ä»¶ç›®å½•: C:\Users\Administrator\Desktop\shixi\project\Saber-Translator-main\src/plugins[0m
2025-07-04 08:31:49 - PluginManager - [32mINFO[0m - [32mæ‰«ææ’ä»¶ç›®å½•: C:\Users\Administrator\Desktop\shixi\project\Saber-Translator-main\plugins[0m
2025-07-04 08:31:49 - PluginManager - [32mINFO[0m - [32må‘ç°æ’ä»¶ç±»: ExamplePlugin in example_plugin[0m
2025-07-04 08:31:49 - Plugin.ç¤ºä¾‹æ’ä»¶ - [32mINFO[0m - [32mç¤ºä¾‹æ’ä»¶æ­£åœ¨è®¾ç½®...[0m
2025-07-04 08:31:49 - Plugin.ç¤ºä¾‹æ’ä»¶ - [32mINFO[0m - [32mæ’ä»¶ 'ç¤ºä¾‹æ’ä»¶' é…ç½®å·²åŠ è½½: {}[0m
2025-07-04 08:31:49 - PluginManager - [32mINFO[0m - [32mæ’ä»¶ 'ç¤ºä¾‹æ’ä»¶' åŠ è½½ã€é…ç½®å¹¶è®¾ç½®æˆåŠŸã€‚[0m
2025-07-04 08:31:49 - PluginManager - [32mINFO[0m - [32må‘ç°æ’ä»¶ç±»: TextAffixerPlugin in text_affixer[0m
2025-07-04 08:31:49 - Plugin.æ–‡æœ¬è£…é¥°å™¨ - [32mINFO[0m - [32m'æ–‡æœ¬è£…é¥°å™¨' æ’ä»¶å·²åŠ è½½å¹¶è®¾ç½®ã€‚[0m
2025-07-04 08:31:49 - Plugin.æ–‡æœ¬è£…é¥°å™¨ - [32mINFO[0m - [32mæ’ä»¶ 'æ–‡æœ¬è£…é¥°å™¨' é…ç½®å·²åŠ è½½: {'text_prefix': '', 'text_suffix': '', 'apply_to_textbox': False}[0m
2025-07-04 08:31:49 - PluginManager - [32mINFO[0m - [32mæ’ä»¶ 'æ–‡æœ¬è£…é¥°å™¨' åŠ è½½ã€é…ç½®å¹¶è®¾ç½®æˆåŠŸã€‚[0m
2025-07-04 08:31:49 - PluginManager - [32mINFO[0m - [32mæ’ä»¶åŠ è½½å®Œæˆï¼Œå…±åŠ è½½ 2 ä¸ªæ’ä»¶ã€‚[0m
2025-07-04 08:31:49 - PluginManager - [32mINFO[0m - [32mæ ¹æ®ç”¨æˆ·è®¾ç½®å¯ç”¨æ’ä»¶...[0m
2025-07-04 08:31:49 - PluginManager - [32mINFO[0m - [32må…±å¯ç”¨ 0 ä¸ªæ’ä»¶ï¼ˆæ ¹æ®ç”¨æˆ·è®¾ç½®ï¼‰ã€‚[0m
2025-07-04 08:31:49 - comic_translator - [32mINFO[0m - [32mæ’ä»¶ç®¡ç†å™¨åˆå§‹åŒ–å®Œæˆã€‚[0m
2025-07-04 08:31:54 - PathHelpers - [32mINFO[0m - [32må¼€å‘ç¯å¢ƒä¸­ï¼Œé¡¹ç›®æ ¹ç›®å½•: C:\Users\Administrator\Desktop\shixi\project\Saber-Translator-main[0m
2025-07-04 08:31:54 - LAMAInterface - [33mWARNING[0m - [33mæœªæ‰¾åˆ° sd-webui-cleaner ç›®å½•: C:\Users\Administrator\Desktop\shixi\project\Saber-Translator-main\sd-webui-cleanerï¼ŒLAMA åŠŸèƒ½ä¸å¯ç”¨ã€‚[0m
2025-07-04 08:31:54 - comic_translator - [32mINFO[0m - [32mè“å›¾æ³¨å†ŒæˆåŠŸ[0m
2025-07-04 08:31:54 - PathHelpers - [32mINFO[0m - [32må¼€å‘ç¯å¢ƒä¸­ï¼Œé¡¹ç›®æ ¹ç›®å½•: C:\Users\Administrator\Desktop\shixi\project\Saber-Translator-main[0m
2025-07-04 08:31:54 - PathHelpers - [32mINFO[0m - [32må¼€å‘ç¯å¢ƒä¸­ï¼Œé¡¹ç›®æ ¹ç›®å½•: C:\Users\Administrator\Desktop\shixi\project\Saber-Translator-main[0m
2025-07-04 08:31:54 - SystemAPI - [32mINFO[0m - [32mæœåŠ¡ç›‘æ§çº¿ç¨‹å·²å¯åŠ¨[0m
2025-07-04 08:31:54 - sakura_service_checker - [32mINFO[0m - [32må¯åŠ¨SakuraæœåŠ¡ç›‘æ§çº¿ç¨‹[0m
2025-07-04 08:31:54 - comic_translator - [32mINFO[0m - [32mæœåŠ¡ç›‘æ§çº¿ç¨‹å·²å¯åŠ¨[0m
2025-07-04 08:31:54 - MangaOCRInterface - [32mINFO[0m - [32måœ¨åå°çº¿ç¨‹ä¸­é¢„åŠ è½½ MangaOCR æ¨¡å‹...[0m
2025-07-04 08:31:54 - MangaOCRInterface - [32mINFO[0m - [32må·²æé«˜é¢„åŠ è½½çº¿ç¨‹ä¼˜å…ˆçº§[0m
2025-07-04 08:31:54 - MangaOCRInterface - [32mINFO[0m - [32må¼€å§‹åˆå§‹åŒ– MangaOCR å®ä¾‹ï¼Œå¦‚æœé¦–æ¬¡ä½¿ç”¨å¯èƒ½ä¼šè‡ªåŠ¨ä¸‹è½½æ¨¡å‹æ–‡ä»¶ã€‚[0m
2025-07-04 08:31:54 - MangaOCRInterface - [32mINFO[0m - [32må·²å¯åŠ¨ MangaOCR æ¨¡å‹é¢„åŠ è½½çº¿ç¨‹ã€‚[0m
2025-07-04 08:31:54 - MangaOCRInterface - [32mINFO[0m - [32mæœªæ£€æµ‹åˆ°GPUï¼Œå°†ä½¿ç”¨CPUè¿è¡Œ[0m
2025-07-04 08:31:54 - comic_translator - [32mINFO[0m - [32må·²å¯åŠ¨ MangaOCR æ¨¡å‹é¢„åŠ è½½çº¿ç¨‹[0m
2025-07-04 08:31:54 - MangaOCRInterface - [32mINFO[0m - [32mä¼˜å…ˆä½¿ç”¨æœ¬åœ°æ¨¡å‹ï¼Œå·²è®¾ç½®ç¦»çº¿æ¨¡å¼...[0m
2025-07-04 08:31:54 - comic_translator - [32mINFO[0m - [32mç¨‹åºæ­£åœ¨è¿è¡Œï¼Œè¯·åœ¨æµè§ˆå™¨ä¸­è®¿é—® http://127.0.0.1:5000/[0m
2025-07-04 08:31:54 - MangaOCRInterface - [33mWARNING[0m - [33mæ— æ³•ä¿®æ”¹transformersç½‘ç»œè¯·æ±‚å‡½æ•°: module 'transformers.utils' has no attribute 'http_get_request'[0m
2025-07-04 08:31:54 - MangaOCRInterface - [31mERROR[0m - [31mä½¿ç”¨æœ¬åœ°è·¯å¾„åŠ è½½æ¨¡å‹å¤±è´¥: Can't load image processor for 'C:\Users\Administrator\Desktop\shixi\project\Saber-Translator-main\src\interfaces\..\..\manga_ocr_model'. If you were trying to load it from 'https://huggingface.co/models', make sure you don't have a local directory with the same name. Otherwise, make sure 'C:\Users\Administrator\Desktop\shixi\project\Saber-Translator-main\src\interfaces\..\..\manga_ocr_model' is the correct path to a directory containing a preprocessor_config.json file[0m
2025-07-04 08:31:54 - MangaOCRInterface - [32mINFO[0m - [32må°è¯•ä½¿ç”¨é»˜è®¤è·¯å¾„åŠ è½½æ¨¡å‹...[0m
2025-07-04 08:31:54 - MangaOCRInterface - [31mERROR[0m - [31måˆå§‹åŒ– MangaOCR å®ä¾‹å¤±è´¥: We couldn't connect to 'https://huggingface.co' to load the files, and couldn't find them in the cached files.
Checkout your internet connection or see how to run the library in offline mode at 'https://huggingface.co/docs/transformers/installation#offline-mode'.[0m
Traceback (most recent call last):
  File "D:\Software\IDE\Anaconda\Lib\site-packages\transformers\utils\hub.py", line 470, in cached_files
    hf_hub_download(
  File "D:\Software\IDE\Anaconda\Lib\site-packages\huggingface_hub\utils\_validators.py", line 106, in _inner_fn
    validate_repo_id(arg_value)
  File "D:\Software\IDE\Anaconda\Lib\site-packages\huggingface_hub\utils\_validators.py", line 160, in validate_repo_id
    raise HFValidationError(
huggingface_hub.errors.HFValidationError: Repo id must use alphanumeric chars or '-', '_', '.', '--' and '..' are forbidden, '-' and '.' cannot start or end the name, max length is 96: 'C:\Users\Administrator\Desktop\shixi\project\Saber-Translator-main\src\interfaces\..\..\manga_ocr_model'.

During handling of the above exception, another exception occurred:

Traceback (most recent call last):
  File "D:\Software\IDE\Anaconda\Lib\site-packages\transformers\image_processing_base.py", line 340, in get_image_processor_dict
    resolved_image_processor_file = cached_file(
                                    ^^^^^^^^^^^^
  File "D:\Software\IDE\Anaconda\Lib\site-packages\transformers\utils\hub.py", line 312, in cached_file
    file = cached_files(path_or_repo_id=path_or_repo_id, filenames=[filename], **kwargs)
           ^^^^^^^^^^^^^^^^^^^^^^^^^^^^^^^^^^^^^^^^^^^^^^^^^^^^^^^^^^^^^^^^^^^^^^^^^^^^^
  File "D:\Software\IDE\Anaconda\Lib\site-packages\transformers\utils\hub.py", line 523, in cached_files
    _get_cache_file_to_return(path_or_repo_id, filename, cache_dir, revision) for filename in full_filenames
    ^^^^^^^^^^^^^^^^^^^^^^^^^^^^^^^^^^^^^^^^^^^^^^^^^^^^^^^^^^^^^^^^^^^^^^^^^
  File "D:\Software\IDE\Anaconda\Lib\site-packages\transformers\utils\hub.py", line 140, in _get_cache_file_to_return
    resolved_file = try_to_load_from_cache(path_or_repo_id, full_filename, cache_dir=cache_dir, revision=revision)
                    ^^^^^^^^^^^^^^^^^^^^^^^^^^^^^^^^^^^^^^^^^^^^^^^^^^^^^^^^^^^^^^^^^^^^^^^^^^^^^^^^^^^^^^^^^^^^^^
  File "D:\Software\IDE\Anaconda\Lib\site-packages\huggingface_hub\utils\_validators.py", line 106, in _inner_fn
    validate_repo_id(arg_value)
  File "D:\Software\IDE\Anaconda\Lib\site-packages\huggingface_hub\utils\_validators.py", line 160, in validate_repo_id
    raise HFValidationError(
huggingface_hub.errors.HFValidationError: Repo id must use alphanumeric chars or '-', '_', '.', '--' and '..' are forbidden, '-' and '.' cannot start or end the name, max length is 96: 'C:\Users\Administrator\Desktop\shixi\project\Saber-Translator-main\src\interfaces\..\..\manga_ocr_model'.

During handling of the above exception, another exception occurred:

Traceback (most recent call last):
  File "C:\Users\Administrator\Desktop\shixi\project\Saber-Translator-main\src\interfaces\manga_ocr_interface.py", line 99, in get_manga_ocr_instance
    _manga_ocr_instance = manga_ocr.MangaOcr(
                          ^^^^^^^^^^^^^^^^^^^
  File "D:\Software\IDE\Anaconda\Lib\site-packages\manga_ocr\ocr.py", line 17, in __init__
    self.processor = ViTImageProcessor.from_pretrained(pretrained_model_name_or_path)
                     ^^^^^^^^^^^^^^^^^^^^^^^^^^^^^^^^^^^^^^^^^^^^^^^^^^^^^^^^^^^^^^^^
  File "D:\Software\IDE\Anaconda\Lib\site-packages\transformers\image_processing_base.py", line 208, in from_pretrained
    image_processor_dict, kwargs = cls.get_image_processor_dict(pretrained_model_name_or_path, **kwargs)
                                   ^^^^^^^^^^^^^^^^^^^^^^^^^^^^^^^^^^^^^^^^^^^^^^^^^^^^^^^^^^^^^^^^^^^^^
  File "D:\Software\IDE\Anaconda\Lib\site-packages\transformers\image_processing_base.py", line 359, in get_image_processor_dict
    raise OSError(
OSError: Can't load image processor for 'C:\Users\Administrator\Desktop\shixi\project\Saber-Translator-main\src\interfaces\..\..\manga_ocr_model'. If you were trying to load it from 'https://huggingface.co/models', make sure you don't have a local directory with the same name. Otherwise, make sure 'C:\Users\Administrator\Desktop\shixi\project\Saber-Translator-main\src\interfaces\..\..\manga_ocr_model' is the correct path to a directory containing a preprocessor_config.json file

During handling of the above exception, another exception occurred:

Traceback (most recent call last):
  File "D:\Software\IDE\Anaconda\Lib\site-packages\transformers\utils\hub.py", line 470, in cached_files
    hf_hub_download(
  File "D:\Software\IDE\Anaconda\Lib\site-packages\huggingface_hub\utils\_validators.py", line 114, in _inner_fn
    return fn(*args, **kwargs)
           ^^^^^^^^^^^^^^^^^^^
  File "D:\Software\IDE\Anaconda\Lib\site-packages\huggingface_hub\file_download.py", line 961, in hf_hub_download
    return _hf_hub_download_to_cache_dir(
           ^^^^^^^^^^^^^^^^^^^^^^^^^^^^^^
  File "D:\Software\IDE\Anaconda\Lib\site-packages\huggingface_hub\file_download.py", line 1068, in _hf_hub_download_to_cache_dir
    _raise_on_head_call_error(head_call_error, force_download, local_files_only)
  File "D:\Software\IDE\Anaconda\Lib\site-packages\huggingface_hub\file_download.py", line 1587, in _raise_on_head_call_error
    raise LocalEntryNotFoundError(
huggingface_hub.errors.LocalEntryNotFoundError: Cannot find the requested files in the disk cache and outgoing traffic has been disabled. To enable hf.co look-ups and downloads online, set 'local_files_only' to False.

The above exception was the direct cause of the following exception:

Traceback (most recent call last):
  File "C:\Users\Administrator\Desktop\shixi\project\Saber-Translator-main\src\interfaces\manga_ocr_interface.py", line 109, in get_manga_ocr_instance
    _manga_ocr_instance = manga_ocr.MangaOcr(force_cpu=force_cpu)
                          ^^^^^^^^^^^^^^^^^^^^^^^^^^^^^^^^^^^^^^^
  File "D:\Software\IDE\Anaconda\Lib\site-packages\manga_ocr\ocr.py", line 17, in __init__
    self.processor = ViTImageProcessor.from_pretrained(pretrained_model_name_or_path)
                     ^^^^^^^^^^^^^^^^^^^^^^^^^^^^^^^^^^^^^^^^^^^^^^^^^^^^^^^^^^^^^^^^
  File "D:\Software\IDE\Anaconda\Lib\site-packages\transformers\image_processing_base.py", line 208, in from_pretrained
    image_processor_dict, kwargs = cls.get_image_processor_dict(pretrained_model_name_or_path, **kwargs)
                                   ^^^^^^^^^^^^^^^^^^^^^^^^^^^^^^^^^^^^^^^^^^^^^^^^^^^^^^^^^^^^^^^^^^^^^
  File "D:\Software\IDE\Anaconda\Lib\site-packages\transformers\image_processing_base.py", line 340, in get_image_processor_dict
    resolved_image_processor_file = cached_file(
                                    ^^^^^^^^^^^^
  File "D:\Software\IDE\Anaconda\Lib\site-packages\transformers\utils\hub.py", line 312, in cached_file
    file = cached_files(path_or_repo_id=path_or_repo_id, filenames=[filename], **kwargs)
           ^^^^^^^^^^^^^^^^^^^^^^^^^^^^^^^^^^^^^^^^^^^^^^^^^^^^^^^^^^^^^^^^^^^^^^^^^^^^^
  File "D:\Software\IDE\Anaconda\Lib\site-packages\transformers\utils\hub.py", line 543, in cached_files
    raise OSError(
OSError: We couldn't connect to 'https://huggingface.co' to load the files, and couldn't find them in the cached files.
Checkout your internet connection or see how to run the library in offline mode at 'https://huggingface.co/docs/transformers/installation#offline-mode'.
2025-07-04 08:31:54 - MangaOCRInterface - [31mERROR[0m - [31mâŒ MangaOCR æ¨¡å‹é¢„åŠ è½½å¤±è´¥ã€‚[0m
2025-07-04 08:31:54 - ConfigLoader - [32mINFO[0m - [32mæˆåŠŸåŠ è½½ JSON é…ç½®æ–‡ä»¶: C:\Users\Administrator\Desktop\shixi\project\Saber-Translator-main\config\prompts.json[0m
2025-07-04 08:31:54 - ConfigLoader - [32mINFO[0m - [32mæˆåŠŸåŠ è½½ JSON é…ç½®æ–‡ä»¶: C:\Users\Administrator\Desktop\shixi\project\Saber-Translator-main\config\prompts.json[0m
2025-07-04 08:31:54 - ConfigLoader - [33mWARNING[0m - [33mJSON é…ç½®æ–‡ä»¶æœªæ‰¾åˆ°: C:\Users\Administrator\Desktop\shixi\project\Saber-Translator-main\config\textbox_prompts.jsonï¼Œè¿”å›é»˜è®¤å€¼ã€‚[0m
2025-07-04 08:31:54 - ConfigLoader - [33mWARNING[0m - [33mJSON é…ç½®æ–‡ä»¶æœªæ‰¾åˆ°: C:\Users\Administrator\Desktop\shixi\project\Saber-Translator-main\config\textbox_prompts.jsonï¼Œè¿”å›é»˜è®¤å€¼ã€‚[0m
2025-07-04 08:31:54 - PathHelpers - [32mINFO[0m - [32må¼€å‘ç¯å¢ƒä¸­ï¼Œé¡¹ç›®æ ¹ç›®å½•: C:\Users\Administrator\Desktop\shixi\project\Saber-Translator-main[0m
2025-07-04 08:31:54 - PathHelpers - [32mINFO[0m - [32må¼€å‘ç¯å¢ƒä¸­ï¼Œé¡¹ç›®æ ¹ç›®å½•: C:\Users\Administrator\Desktop\shixi\project\Saber-Translator-main[0m
2025-07-04 08:31:54 - PathHelpers - [32mINFO[0m - [32må¼€å‘ç¯å¢ƒä¸­ï¼Œé¡¹ç›®æ ¹ç›®å½•: C:\Users\Administrator\Desktop\shixi\project\Saber-Translator-main[0m
2025-07-04 08:31:54 - ConfigLoader - [32mINFO[0m - [32mæˆåŠŸåŠ è½½ JSON é…ç½®æ–‡ä»¶: C:\Users\Administrator\Desktop\shixi\project\Saber-Translator-main\config\prompts.json[0m
2025-07-04 08:31:54 - ConfigLoader - [32mINFO[0m - [32mæˆåŠŸåŠ è½½ JSON é…ç½®æ–‡ä»¶: C:\Users\Administrator\Desktop\shixi\project\Saber-Translator-main\config\prompts.json[0m
2025-07-04 08:31:54 - ConfigLoader - [33mWARNING[0m - [33mJSON é…ç½®æ–‡ä»¶æœªæ‰¾åˆ°: C:\Users\Administrator\Desktop\shixi\project\Saber-Translator-main\config\textbox_prompts.jsonï¼Œè¿”å›é»˜è®¤å€¼ã€‚[0m
2025-07-04 08:31:54 - ConfigLoader - [33mWARNING[0m - [33mJSON é…ç½®æ–‡ä»¶æœªæ‰¾åˆ°: C:\Users\Administrator\Desktop\shixi\project\Saber-Translator-main\config\textbox_prompts.jsonï¼Œè¿”å›é»˜è®¤å€¼ã€‚[0m
2025-07-04 08:31:55 - ConfigLoader - [32mINFO[0m - [32mæˆåŠŸåŠ è½½ JSON é…ç½®æ–‡ä»¶: C:\Users\Administrator\Desktop\shixi\project\Saber-Translator-main\config\prompts.json[0m
2025-07-04 08:31:55 - ConfigLoader - [33mWARNING[0m - [33mJSON é…ç½®æ–‡ä»¶æœªæ‰¾åˆ°: C:\Users\Administrator\Desktop\shixi\project\Saber-Translator-main\config\textbox_prompts.jsonï¼Œè¿”å›é»˜è®¤å€¼ã€‚[0m
2025-07-04 08:31:55 - PathHelpers - [32mINFO[0m - [32må¼€å‘ç¯å¢ƒä¸­ï¼Œé¡¹ç›®æ ¹ç›®å½•: C:\Users\Administrator\Desktop\shixi\project\Saber-Translator-main[0m
2025-07-04 08:32:02 - MangaOCRInterface - [31mERROR[0m - [31måˆå§‹åŒ– MangaOCR å®ä¾‹å¤±è´¥: (ProtocolError('Connection aborted.', ConnectionResetError(10054, 'è¿œç¨‹ä¸»æœºå¼ºè¿«å…³é—­äº†ä¸€ä¸ªç°æœ‰çš„è¿æ¥ã€‚', None, 10054, None)), '(Request ID: 7665294c-4aef-44e3-b3d7-e1f907dce7c9)')[0m
Traceback (most recent call last):
  File "D:\Software\IDE\Anaconda\Lib\site-packages\transformers\utils\hub.py", line 470, in cached_files
    hf_hub_download(
  File "D:\Software\IDE\Anaconda\Lib\site-packages\huggingface_hub\utils\_validators.py", line 106, in _inner_fn
    validate_repo_id(arg_value)
  File "D:\Software\IDE\Anaconda\Lib\site-packages\huggingface_hub\utils\_validators.py", line 160, in validate_repo_id
    raise HFValidationError(
huggingface_hub.errors.HFValidationError: Repo id must use alphanumeric chars or '-', '_', '.', '--' and '..' are forbidden, '-' and '.' cannot start or end the name, max length is 96: 'C:\Users\Administrator\Desktop\shixi\project\Saber-Translator-main\src\interfaces\..\..\manga_ocr_model'.

During handling of the above exception, another exception occurred:

Traceback (most recent call last):
  File "D:\Software\IDE\Anaconda\Lib\site-packages\transformers\image_processing_base.py", line 340, in get_image_processor_dict
    resolved_image_processor_file = cached_file(
                                    ^^^^^^^^^^^^
  File "D:\Software\IDE\Anaconda\Lib\site-packages\transformers\utils\hub.py", line 312, in cached_file
    file = cached_files(path_or_repo_id=path_or_repo_id, filenames=[filename], **kwargs)
           ^^^^^^^^^^^^^^^^^^^^^^^^^^^^^^^^^^^^^^^^^^^^^^^^^^^^^^^^^^^^^^^^^^^^^^^^^^^^^
  File "D:\Software\IDE\Anaconda\Lib\site-packages\transformers\utils\hub.py", line 523, in cached_files
    _get_cache_file_to_return(path_or_repo_id, filename, cache_dir, revision) for filename in full_filenames
    ^^^^^^^^^^^^^^^^^^^^^^^^^^^^^^^^^^^^^^^^^^^^^^^^^^^^^^^^^^^^^^^^^^^^^^^^^
  File "D:\Software\IDE\Anaconda\Lib\site-packages\transformers\utils\hub.py", line 140, in _get_cache_file_to_return
    resolved_file = try_to_load_from_cache(path_or_repo_id, full_filename, cache_dir=cache_dir, revision=revision)
                    ^^^^^^^^^^^^^^^^^^^^^^^^^^^^^^^^^^^^^^^^^^^^^^^^^^^^^^^^^^^^^^^^^^^^^^^^^^^^^^^^^^^^^^^^^^^^^^
  File "D:\Software\IDE\Anaconda\Lib\site-packages\huggingface_hub\utils\_validators.py", line 106, in _inner_fn
    validate_repo_id(arg_value)
  File "D:\Software\IDE\Anaconda\Lib\site-packages\huggingface_hub\utils\_validators.py", line 160, in validate_repo_id
    raise HFValidationError(
huggingface_hub.errors.HFValidationError: Repo id must use alphanumeric chars or '-', '_', '.', '--' and '..' are forbidden, '-' and '.' cannot start or end the name, max length is 96: 'C:\Users\Administrator\Desktop\shixi\project\Saber-Translator-main\src\interfaces\..\..\manga_ocr_model'.

During handling of the above exception, another exception occurred:

Traceback (most recent call last):
  File "C:\Users\Administrator\Desktop\shixi\project\Saber-Translator-main\src\interfaces\manga_ocr_interface.py", line 99, in get_manga_ocr_instance
    _manga_ocr_instance = manga_ocr.MangaOcr(
                          ^^^^^^^^^^^^^^^^^^^
  File "D:\Software\IDE\Anaconda\Lib\site-packages\manga_ocr\ocr.py", line 17, in __init__
    self.processor = ViTImageProcessor.from_pretrained(pretrained_model_name_or_path)
                     ^^^^^^^^^^^^^^^^^^^^^^^^^^^^^^^^^^^^^^^^^^^^^^^^^^^^^^^^^^^^^^^^
  File "D:\Software\IDE\Anaconda\Lib\site-packages\transformers\image_processing_base.py", line 208, in from_pretrained
    image_processor_dict, kwargs = cls.get_image_processor_dict(pretrained_model_name_or_path, **kwargs)
                                   ^^^^^^^^^^^^^^^^^^^^^^^^^^^^^^^^^^^^^^^^^^^^^^^^^^^^^^^^^^^^^^^^^^^^^
  File "D:\Software\IDE\Anaconda\Lib\site-packages\transformers\image_processing_base.py", line 359, in get_image_processor_dict
    raise OSError(
OSError: Can't load image processor for 'C:\Users\Administrator\Desktop\shixi\project\Saber-Translator-main\src\interfaces\..\..\manga_ocr_model'. If you were trying to load it from 'https://huggingface.co/models', make sure you don't have a local directory with the same name. Otherwise, make sure 'C:\Users\Administrator\Desktop\shixi\project\Saber-Translator-main\src\interfaces\..\..\manga_ocr_model' is the correct path to a directory containing a preprocessor_config.json file

During handling of the above exception, another exception occurred:

Traceback (most recent call last):
  File "D:\Software\IDE\Anaconda\Lib\site-packages\urllib3\connectionpool.py", line 789, in urlopen
    response = self._make_request(
               ^^^^^^^^^^^^^^^^^^^
  File "D:\Software\IDE\Anaconda\Lib\site-packages\urllib3\connectionpool.py", line 490, in _make_request
    raise new_e
  File "D:\Software\IDE\Anaconda\Lib\site-packages\urllib3\connectionpool.py", line 466, in _make_request
    self._validate_conn(conn)
  File "D:\Software\IDE\Anaconda\Lib\site-packages\urllib3\connectionpool.py", line 1095, in _validate_conn
    conn.connect()
  File "D:\Software\IDE\Anaconda\Lib\site-packages\urllib3\connection.py", line 652, in connect
    sock_and_verified = _ssl_wrap_socket_and_match_hostname(
                        ^^^^^^^^^^^^^^^^^^^^^^^^^^^^^^^^^^^^
  File "D:\Software\IDE\Anaconda\Lib\site-packages\urllib3\connection.py", line 805, in _ssl_wrap_socket_and_match_hostname
    ssl_sock = ssl_wrap_socket(
               ^^^^^^^^^^^^^^^^
  File "D:\Software\IDE\Anaconda\Lib\site-packages\urllib3\util\ssl_.py", line 465, in ssl_wrap_socket
    ssl_sock = _ssl_wrap_socket_impl(sock, context, tls_in_tls, server_hostname)
               ^^^^^^^^^^^^^^^^^^^^^^^^^^^^^^^^^^^^^^^^^^^^^^^^^^^^^^^^^^^^^^^^^
  File "D:\Software\IDE\Anaconda\Lib\site-packages\urllib3\util\ssl_.py", line 509, in _ssl_wrap_socket_impl
    return ssl_context.wrap_socket(sock, server_hostname=server_hostname)
           ^^^^^^^^^^^^^^^^^^^^^^^^^^^^^^^^^^^^^^^^^^^^^^^^^^^^^^^^^^^^^^
  File "D:\Software\IDE\Anaconda\Lib\ssl.py", line 455, in wrap_socket
    return self.sslsocket_class._create(
           ^^^^^^^^^^^^^^^^^^^^^^^^^^^^^
  File "D:\Software\IDE\Anaconda\Lib\ssl.py", line 1042, in _create
    self.do_handshake()
  File "D:\Software\IDE\Anaconda\Lib\ssl.py", line 1320, in do_handshake
    self._sslobj.do_handshake()
ConnectionResetError: [WinError 10054] è¿œç¨‹ä¸»æœºå¼ºè¿«å…³é—­äº†ä¸€ä¸ªç°æœ‰çš„è¿æ¥ã€‚

During handling of the above exception, another exception occurred:

Traceback (most recent call last):
  File "D:\Software\IDE\Anaconda\Lib\site-packages\requests\adapters.py", line 589, in send
    resp = conn.urlopen(
           ^^^^^^^^^^^^^
  File "D:\Software\IDE\Anaconda\Lib\site-packages\urllib3\connectionpool.py", line 843, in urlopen
    retries = retries.increment(
              ^^^^^^^^^^^^^^^^^^
  File "D:\Software\IDE\Anaconda\Lib\site-packages\urllib3\util\retry.py", line 474, in increment
    raise reraise(type(error), error, _stacktrace)
          ^^^^^^^^^^^^^^^^^^^^^^^^^^^^^^^^^^^^^^^^
  File "D:\Software\IDE\Anaconda\Lib\site-packages\urllib3\util\util.py", line 38, in reraise
    raise value.with_traceback(tb)
  File "D:\Software\IDE\Anaconda\Lib\site-packages\urllib3\connectionpool.py", line 789, in urlopen
    response = self._make_request(
               ^^^^^^^^^^^^^^^^^^^
  File "D:\Software\IDE\Anaconda\Lib\site-packages\urllib3\connectionpool.py", line 490, in _make_request
    raise new_e
  File "D:\Software\IDE\Anaconda\Lib\site-packages\urllib3\connectionpool.py", line 466, in _make_request
    self._validate_conn(conn)
  File "D:\Software\IDE\Anaconda\Lib\site-packages\urllib3\connectionpool.py", line 1095, in _validate_conn
    conn.connect()
  File "D:\Software\IDE\Anaconda\Lib\site-packages\urllib3\connection.py", line 652, in connect
    sock_and_verified = _ssl_wrap_socket_and_match_hostname(
                        ^^^^^^^^^^^^^^^^^^^^^^^^^^^^^^^^^^^^
  File "D:\Software\IDE\Anaconda\Lib\site-packages\urllib3\connection.py", line 805, in _ssl_wrap_socket_and_match_hostname
    ssl_sock = ssl_wrap_socket(
               ^^^^^^^^^^^^^^^^
  File "D:\Software\IDE\Anaconda\Lib\site-packages\urllib3\util\ssl_.py", line 465, in ssl_wrap_socket
    ssl_sock = _ssl_wrap_socket_impl(sock, context, tls_in_tls, server_hostname)
               ^^^^^^^^^^^^^^^^^^^^^^^^^^^^^^^^^^^^^^^^^^^^^^^^^^^^^^^^^^^^^^^^^
  File "D:\Software\IDE\Anaconda\Lib\site-packages\urllib3\util\ssl_.py", line 509, in _ssl_wrap_socket_impl
    return ssl_context.wrap_socket(sock, server_hostname=server_hostname)
           ^^^^^^^^^^^^^^^^^^^^^^^^^^^^^^^^^^^^^^^^^^^^^^^^^^^^^^^^^^^^^^
  File "D:\Software\IDE\Anaconda\Lib\ssl.py", line 455, in wrap_socket
    return self.sslsocket_class._create(
           ^^^^^^^^^^^^^^^^^^^^^^^^^^^^^
  File "D:\Software\IDE\Anaconda\Lib\ssl.py", line 1042, in _create
    self.do_handshake()
  File "D:\Software\IDE\Anaconda\Lib\ssl.py", line 1320, in do_handshake
    self._sslobj.do_handshake()
urllib3.exceptions.ProtocolError: ('Connection aborted.', ConnectionResetError(10054, 'è¿œç¨‹ä¸»æœºå¼ºè¿«å…³é—­äº†ä¸€ä¸ªç°æœ‰çš„è¿æ¥ã€‚', None, 10054, None))

During handling of the above exception, another exception occurred:

Traceback (most recent call last):
  File "C:\Users\Administrator\Desktop\shixi\project\Saber-Translator-main\src\interfaces\manga_ocr_interface.py", line 109, in get_manga_ocr_instance
    _manga_ocr_instance = manga_ocr.MangaOcr(force_cpu=force_cpu)
                          ^^^^^^^^^^^^^^^^^^^^^^^^^^^^^^^^^^^^^^^
  File "D:\Software\IDE\Anaconda\Lib\site-packages\manga_ocr\ocr.py", line 18, in __init__
    self.tokenizer = AutoTokenizer.from_pretrained(pretrained_model_name_or_path)
                     ^^^^^^^^^^^^^^^^^^^^^^^^^^^^^^^^^^^^^^^^^^^^^^^^^^^^^^^^^^^^
  File "D:\Software\IDE\Anaconda\Lib\site-packages\transformers\models\auto\tokenization_auto.py", line 1013, in from_pretrained
    return tokenizer_class.from_pretrained(pretrained_model_name_or_path, *inputs, **kwargs)
           ^^^^^^^^^^^^^^^^^^^^^^^^^^^^^^^^^^^^^^^^^^^^^^^^^^^^^^^^^^^^^^^^^^^^^^^^^^^^^^^^^
  File "D:\Software\IDE\Anaconda\Lib\site-packages\transformers\tokenization_utils_base.py", line 1968, in from_pretrained
    for template in list_repo_templates(
                    ^^^^^^^^^^^^^^^^^^^^
  File "D:\Software\IDE\Anaconda\Lib\site-packages\transformers\utils\hub.py", line 161, in list_repo_templates
    return [
           ^
  File "D:\Software\IDE\Anaconda\Lib\site-packages\huggingface_hub\hf_api.py", line 3131, in list_repo_tree
    for path_info in paginate(path=tree_url, headers=headers, params={"recursive": recursive, "expand": expand}):
  File "D:\Software\IDE\Anaconda\Lib\site-packages\huggingface_hub\utils\_pagination.py", line 36, in paginate
    r = session.get(path, params=params, headers=headers)
        ^^^^^^^^^^^^^^^^^^^^^^^^^^^^^^^^^^^^^^^^^^^^^^^^^
  File "D:\Software\IDE\Anaconda\Lib\site-packages\requests\sessions.py", line 602, in get
    return self.request("GET", url, **kwargs)
           ^^^^^^^^^^^^^^^^^^^^^^^^^^^^^^^^^^
  File "D:\Software\IDE\Anaconda\Lib\site-packages\requests\sessions.py", line 589, in request
    resp = self.send(prep, **send_kwargs)
           ^^^^^^^^^^^^^^^^^^^^^^^^^^^^^^
  File "D:\Software\IDE\Anaconda\Lib\site-packages\requests\sessions.py", line 703, in send
    r = adapter.send(request, **kwargs)
        ^^^^^^^^^^^^^^^^^^^^^^^^^^^^^^^
  File "D:\Software\IDE\Anaconda\Lib\site-packages\huggingface_hub\utils\_http.py", line 96, in send
    return super().send(request, *args, **kwargs)
           ^^^^^^^^^^^^^^^^^^^^^^^^^^^^^^^^^^^^^^
  File "D:\Software\IDE\Anaconda\Lib\site-packages\requests\adapters.py", line 604, in send
    raise ConnectionError(err, request=request)
requests.exceptions.ConnectionError: (ProtocolError('Connection aborted.', ConnectionResetError(10054, 'è¿œç¨‹ä¸»æœºå¼ºè¿«å…³é—­äº†ä¸€ä¸ªç°æœ‰çš„è¿æ¥ã€‚', None, 10054, None)), '(Request ID: 7665294c-4aef-44e3-b3d7-e1f907dce7c9)')
2025-07-04 08:32:02 - MangaOCRInterface - [31mERROR[0m - [31mâŒ MangaOCR æ¨¡å‹é¢„åŠ è½½å¤±è´¥ã€‚[0m
2025-07-04 08:32:05 - comic_translator - [32mINFO[0m - [32m==============================[0m
2025-07-04 08:32:05 - comic_translator - [32mINFO[0m - [32mæ¼«ç”»ç¿»è¯‘å™¨å¯åŠ¨[0m
2025-07-04 08:32:05 - comic_translator - [32mINFO[0m - [32m==============================[0m
2025-07-04 08:32:05 - comic_translator - [32mINFO[0m - [32mç³»ç»Ÿä¿¡æ¯: Windows-11-10.0.22000-SP0[0m
2025-07-04 08:32:05 - comic_translator - [32mINFO[0m - [32mPythonç‰ˆæœ¬: 3.12.4[0m
2025-07-04 08:32:05 - comic_translator - [32mINFO[0m - [32må·²æ‰‹åŠ¨æ·»åŠ  '.js' çš„ MIME ç±»å‹ä¸º 'text/javascript'[0m
2025-07-04 08:32:05 - PluginManager - [32mINFO[0m - [32måˆ›å»ºæ’ä»¶ç®¡ç†å™¨å®ä¾‹...[0m
2025-07-04 08:32:05 - PathHelpers - [32mINFO[0m - [32må¼€å‘ç¯å¢ƒä¸­ï¼Œé¡¹ç›®æ ¹ç›®å½•: C:\Users\Administrator\Desktop\shixi\project\Saber-Translator-main[0m
2025-07-04 08:32:05 - PathHelpers - [32mINFO[0m - [32må¼€å‘ç¯å¢ƒä¸­ï¼Œé¡¹ç›®æ ¹ç›®å½•: C:\Users\Administrator\Desktop\shixi\project\Saber-Translator-main[0m
2025-07-04 08:32:05 - PathHelpers - [32mINFO[0m - [32må¼€å‘ç¯å¢ƒä¸­ï¼Œé¡¹ç›®æ ¹ç›®å½•: C:\Users\Administrator\Desktop\shixi\project\Saber-Translator-main[0m
2025-07-04 08:32:05 - ConfigLoader - [32mINFO[0m - [32mæˆåŠŸåŠ è½½ JSON é…ç½®æ–‡ä»¶: C:\Users\Administrator\Desktop\shixi\project\Saber-Translator-main\config\plugin_default_states.json[0m
2025-07-04 08:32:05 - PluginManager - [32mINFO[0m - [32må·²åŠ è½½æ’ä»¶é»˜è®¤å¯ç”¨çŠ¶æ€: {'ç¤ºä¾‹æ’ä»¶': False, 'æ–‡æœ¬è£…é¥°å™¨': False}[0m
2025-07-04 08:32:05 - PluginManager - [32mINFO[0m - [32mæ’ä»¶ç®¡ç†å™¨åˆå§‹åŒ–ï¼Œæ‰«æç›®å½•: ['C:\\Users\\Administrator\\Desktop\\shixi\\project\\Saber-Translator-main\\src/plugins', 'C:\\Users\\Administrator\\Desktop\\shixi\\project\\Saber-Translator-main\\plugins'][0m
2025-07-04 08:32:05 - PluginManager - [32mINFO[0m - [32må¼€å§‹å‘ç°å’ŒåŠ è½½æ’ä»¶...[0m
2025-07-04 08:32:05 - PluginManager - [32mINFO[0m - [32mæ‰«ææ’ä»¶ç›®å½•: C:\Users\Administrator\Desktop\shixi\project\Saber-Translator-main\src/plugins[0m
2025-07-04 08:32:05 - PluginManager - [32mINFO[0m - [32mæ‰«ææ’ä»¶ç›®å½•: C:\Users\Administrator\Desktop\shixi\project\Saber-Translator-main\plugins[0m
2025-07-04 08:32:05 - PluginManager - [32mINFO[0m - [32må‘ç°æ’ä»¶ç±»: ExamplePlugin in example_plugin[0m
2025-07-04 08:32:05 - Plugin.ç¤ºä¾‹æ’ä»¶ - [32mINFO[0m - [32mç¤ºä¾‹æ’ä»¶æ­£åœ¨è®¾ç½®...[0m
2025-07-04 08:32:05 - Plugin.ç¤ºä¾‹æ’ä»¶ - [32mINFO[0m - [32mæ’ä»¶ 'ç¤ºä¾‹æ’ä»¶' é…ç½®å·²åŠ è½½: {}[0m
2025-07-04 08:32:05 - PluginManager - [32mINFO[0m - [32mæ’ä»¶ 'ç¤ºä¾‹æ’ä»¶' åŠ è½½ã€é…ç½®å¹¶è®¾ç½®æˆåŠŸã€‚[0m
2025-07-04 08:32:05 - PluginManager - [32mINFO[0m - [32må‘ç°æ’ä»¶ç±»: TextAffixerPlugin in text_affixer[0m
2025-07-04 08:32:05 - Plugin.æ–‡æœ¬è£…é¥°å™¨ - [32mINFO[0m - [32m'æ–‡æœ¬è£…é¥°å™¨' æ’ä»¶å·²åŠ è½½å¹¶è®¾ç½®ã€‚[0m
2025-07-04 08:32:05 - Plugin.æ–‡æœ¬è£…é¥°å™¨ - [32mINFO[0m - [32mæ’ä»¶ 'æ–‡æœ¬è£…é¥°å™¨' é…ç½®å·²åŠ è½½: {'text_prefix': '', 'text_suffix': '', 'apply_to_textbox': False}[0m
2025-07-04 08:32:05 - PluginManager - [32mINFO[0m - [32mæ’ä»¶ 'æ–‡æœ¬è£…é¥°å™¨' åŠ è½½ã€é…ç½®å¹¶è®¾ç½®æˆåŠŸã€‚[0m
2025-07-04 08:32:05 - PluginManager - [32mINFO[0m - [32mæ’ä»¶åŠ è½½å®Œæˆï¼Œå…±åŠ è½½ 2 ä¸ªæ’ä»¶ã€‚[0m
2025-07-04 08:32:05 - PluginManager - [32mINFO[0m - [32mæ ¹æ®ç”¨æˆ·è®¾ç½®å¯ç”¨æ’ä»¶...[0m
2025-07-04 08:32:05 - PluginManager - [32mINFO[0m - [32må…±å¯ç”¨ 0 ä¸ªæ’ä»¶ï¼ˆæ ¹æ®ç”¨æˆ·è®¾ç½®ï¼‰ã€‚[0m
2025-07-04 08:32:05 - comic_translator - [32mINFO[0m - [32mæ’ä»¶ç®¡ç†å™¨åˆå§‹åŒ–å®Œæˆã€‚[0m
2025-07-04 08:32:09 - PathHelpers - [32mINFO[0m - [32må¼€å‘ç¯å¢ƒä¸­ï¼Œé¡¹ç›®æ ¹ç›®å½•: C:\Users\Administrator\Desktop\shixi\project\Saber-Translator-main[0m
2025-07-04 08:32:09 - LAMAInterface - [33mWARNING[0m - [33mæœªæ‰¾åˆ° sd-webui-cleaner ç›®å½•: C:\Users\Administrator\Desktop\shixi\project\Saber-Translator-main\sd-webui-cleanerï¼ŒLAMA åŠŸèƒ½ä¸å¯ç”¨ã€‚[0m
2025-07-04 08:32:09 - comic_translator - [32mINFO[0m - [32mè“å›¾æ³¨å†ŒæˆåŠŸ[0m
2025-07-04 08:32:09 - PathHelpers - [32mINFO[0m - [32må¼€å‘ç¯å¢ƒä¸­ï¼Œé¡¹ç›®æ ¹ç›®å½•: C:\Users\Administrator\Desktop\shixi\project\Saber-Translator-main[0m
2025-07-04 08:32:09 - PathHelpers - [32mINFO[0m - [32må¼€å‘ç¯å¢ƒä¸­ï¼Œé¡¹ç›®æ ¹ç›®å½•: C:\Users\Administrator\Desktop\shixi\project\Saber-Translator-main[0m
2025-07-04 08:32:09 - SystemAPI - [32mINFO[0m - [32mæœåŠ¡ç›‘æ§çº¿ç¨‹å·²å¯åŠ¨[0m
2025-07-04 08:32:09 - sakura_service_checker - [32mINFO[0m - [32må¯åŠ¨SakuraæœåŠ¡ç›‘æ§çº¿ç¨‹[0m
2025-07-04 08:32:09 - comic_translator - [32mINFO[0m - [32mæœåŠ¡ç›‘æ§çº¿ç¨‹å·²å¯åŠ¨[0m
2025-07-04 08:32:09 - MangaOCRInterface - [32mINFO[0m - [32måœ¨åå°çº¿ç¨‹ä¸­é¢„åŠ è½½ MangaOCR æ¨¡å‹...[0m
2025-07-04 08:32:09 - MangaOCRInterface - [32mINFO[0m - [32må·²æé«˜é¢„åŠ è½½çº¿ç¨‹ä¼˜å…ˆçº§[0m
2025-07-04 08:32:09 - MangaOCRInterface - [32mINFO[0m - [32må¼€å§‹åˆå§‹åŒ– MangaOCR å®ä¾‹ï¼Œå¦‚æœé¦–æ¬¡ä½¿ç”¨å¯èƒ½ä¼šè‡ªåŠ¨ä¸‹è½½æ¨¡å‹æ–‡ä»¶ã€‚[0m
2025-07-04 08:32:09 - MangaOCRInterface - [32mINFO[0m - [32må·²å¯åŠ¨ MangaOCR æ¨¡å‹é¢„åŠ è½½çº¿ç¨‹ã€‚[0m
2025-07-04 08:32:09 - MangaOCRInterface - [32mINFO[0m - [32mæœªæ£€æµ‹åˆ°GPUï¼Œå°†ä½¿ç”¨CPUè¿è¡Œ[0m
2025-07-04 08:32:09 - comic_translator - [32mINFO[0m - [32må·²å¯åŠ¨ MangaOCR æ¨¡å‹é¢„åŠ è½½çº¿ç¨‹[0m
2025-07-04 08:32:09 - MangaOCRInterface - [32mINFO[0m - [32mä¼˜å…ˆä½¿ç”¨æœ¬åœ°æ¨¡å‹ï¼Œå·²è®¾ç½®ç¦»çº¿æ¨¡å¼...[0m
2025-07-04 08:32:09 - comic_translator - [32mINFO[0m - [32mç¨‹åºæ­£åœ¨è¿è¡Œï¼Œè¯·åœ¨æµè§ˆå™¨ä¸­è®¿é—® http://127.0.0.1:5000/[0m
2025-07-04 08:32:09 - MangaOCRInterface - [33mWARNING[0m - [33mæ— æ³•ä¿®æ”¹transformersç½‘ç»œè¯·æ±‚å‡½æ•°: module 'transformers.utils' has no attribute 'http_get_request'[0m
2025-07-04 08:32:09 - MangaOCRInterface - [31mERROR[0m - [31mä½¿ç”¨æœ¬åœ°è·¯å¾„åŠ è½½æ¨¡å‹å¤±è´¥: Can't load image processor for 'C:\Users\Administrator\Desktop\shixi\project\Saber-Translator-main\src\interfaces\..\..\manga_ocr_model'. If you were trying to load it from 'https://huggingface.co/models', make sure you don't have a local directory with the same name. Otherwise, make sure 'C:\Users\Administrator\Desktop\shixi\project\Saber-Translator-main\src\interfaces\..\..\manga_ocr_model' is the correct path to a directory containing a preprocessor_config.json file[0m
2025-07-04 08:32:09 - MangaOCRInterface - [32mINFO[0m - [32må°è¯•ä½¿ç”¨é»˜è®¤è·¯å¾„åŠ è½½æ¨¡å‹...[0m
2025-07-04 08:32:09 - MangaOCRInterface - [31mERROR[0m - [31måˆå§‹åŒ– MangaOCR å®ä¾‹å¤±è´¥: We couldn't connect to 'https://huggingface.co' to load the files, and couldn't find them in the cached files.
Checkout your internet connection or see how to run the library in offline mode at 'https://huggingface.co/docs/transformers/installation#offline-mode'.[0m
Traceback (most recent call last):
  File "D:\Software\IDE\Anaconda\Lib\site-packages\transformers\utils\hub.py", line 470, in cached_files
    hf_hub_download(
  File "D:\Software\IDE\Anaconda\Lib\site-packages\huggingface_hub\utils\_validators.py", line 106, in _inner_fn
    validate_repo_id(arg_value)
  File "D:\Software\IDE\Anaconda\Lib\site-packages\huggingface_hub\utils\_validators.py", line 160, in validate_repo_id
    raise HFValidationError(
huggingface_hub.errors.HFValidationError: Repo id must use alphanumeric chars or '-', '_', '.', '--' and '..' are forbidden, '-' and '.' cannot start or end the name, max length is 96: 'C:\Users\Administrator\Desktop\shixi\project\Saber-Translator-main\src\interfaces\..\..\manga_ocr_model'.

During handling of the above exception, another exception occurred:

Traceback (most recent call last):
  File "D:\Software\IDE\Anaconda\Lib\site-packages\transformers\image_processing_base.py", line 340, in get_image_processor_dict
    resolved_image_processor_file = cached_file(
                                    ^^^^^^^^^^^^
  File "D:\Software\IDE\Anaconda\Lib\site-packages\transformers\utils\hub.py", line 312, in cached_file
    file = cached_files(path_or_repo_id=path_or_repo_id, filenames=[filename], **kwargs)
           ^^^^^^^^^^^^^^^^^^^^^^^^^^^^^^^^^^^^^^^^^^^^^^^^^^^^^^^^^^^^^^^^^^^^^^^^^^^^^
  File "D:\Software\IDE\Anaconda\Lib\site-packages\transformers\utils\hub.py", line 523, in cached_files
    _get_cache_file_to_return(path_or_repo_id, filename, cache_dir, revision) for filename in full_filenames
    ^^^^^^^^^^^^^^^^^^^^^^^^^^^^^^^^^^^^^^^^^^^^^^^^^^^^^^^^^^^^^^^^^^^^^^^^^
  File "D:\Software\IDE\Anaconda\Lib\site-packages\transformers\utils\hub.py", line 140, in _get_cache_file_to_return
    resolved_file = try_to_load_from_cache(path_or_repo_id, full_filename, cache_dir=cache_dir, revision=revision)
                    ^^^^^^^^^^^^^^^^^^^^^^^^^^^^^^^^^^^^^^^^^^^^^^^^^^^^^^^^^^^^^^^^^^^^^^^^^^^^^^^^^^^^^^^^^^^^^^
  File "D:\Software\IDE\Anaconda\Lib\site-packages\huggingface_hub\utils\_validators.py", line 106, in _inner_fn
    validate_repo_id(arg_value)
  File "D:\Software\IDE\Anaconda\Lib\site-packages\huggingface_hub\utils\_validators.py", line 160, in validate_repo_id
    raise HFValidationError(
huggingface_hub.errors.HFValidationError: Repo id must use alphanumeric chars or '-', '_', '.', '--' and '..' are forbidden, '-' and '.' cannot start or end the name, max length is 96: 'C:\Users\Administrator\Desktop\shixi\project\Saber-Translator-main\src\interfaces\..\..\manga_ocr_model'.

During handling of the above exception, another exception occurred:

Traceback (most recent call last):
  File "C:\Users\Administrator\Desktop\shixi\project\Saber-Translator-main\src\interfaces\manga_ocr_interface.py", line 99, in get_manga_ocr_instance
    _manga_ocr_instance = manga_ocr.MangaOcr(
                          ^^^^^^^^^^^^^^^^^^^
  File "D:\Software\IDE\Anaconda\Lib\site-packages\manga_ocr\ocr.py", line 17, in __init__
    self.processor = ViTImageProcessor.from_pretrained(pretrained_model_name_or_path)
                     ^^^^^^^^^^^^^^^^^^^^^^^^^^^^^^^^^^^^^^^^^^^^^^^^^^^^^^^^^^^^^^^^
  File "D:\Software\IDE\Anaconda\Lib\site-packages\transformers\image_processing_base.py", line 208, in from_pretrained
    image_processor_dict, kwargs = cls.get_image_processor_dict(pretrained_model_name_or_path, **kwargs)
                                   ^^^^^^^^^^^^^^^^^^^^^^^^^^^^^^^^^^^^^^^^^^^^^^^^^^^^^^^^^^^^^^^^^^^^^
  File "D:\Software\IDE\Anaconda\Lib\site-packages\transformers\image_processing_base.py", line 359, in get_image_processor_dict
    raise OSError(
OSError: Can't load image processor for 'C:\Users\Administrator\Desktop\shixi\project\Saber-Translator-main\src\interfaces\..\..\manga_ocr_model'. If you were trying to load it from 'https://huggingface.co/models', make sure you don't have a local directory with the same name. Otherwise, make sure 'C:\Users\Administrator\Desktop\shixi\project\Saber-Translator-main\src\interfaces\..\..\manga_ocr_model' is the correct path to a directory containing a preprocessor_config.json file

During handling of the above exception, another exception occurred:

Traceback (most recent call last):
  File "D:\Software\IDE\Anaconda\Lib\site-packages\transformers\utils\hub.py", line 470, in cached_files
    hf_hub_download(
  File "D:\Software\IDE\Anaconda\Lib\site-packages\huggingface_hub\utils\_validators.py", line 114, in _inner_fn
    return fn(*args, **kwargs)
           ^^^^^^^^^^^^^^^^^^^
  File "D:\Software\IDE\Anaconda\Lib\site-packages\huggingface_hub\file_download.py", line 961, in hf_hub_download
    return _hf_hub_download_to_cache_dir(
           ^^^^^^^^^^^^^^^^^^^^^^^^^^^^^^
  File "D:\Software\IDE\Anaconda\Lib\site-packages\huggingface_hub\file_download.py", line 1068, in _hf_hub_download_to_cache_dir
    _raise_on_head_call_error(head_call_error, force_download, local_files_only)
  File "D:\Software\IDE\Anaconda\Lib\site-packages\huggingface_hub\file_download.py", line 1587, in _raise_on_head_call_error
    raise LocalEntryNotFoundError(
huggingface_hub.errors.LocalEntryNotFoundError: Cannot find the requested files in the disk cache and outgoing traffic has been disabled. To enable hf.co look-ups and downloads online, set 'local_files_only' to False.

The above exception was the direct cause of the following exception:

Traceback (most recent call last):
  File "C:\Users\Administrator\Desktop\shixi\project\Saber-Translator-main\src\interfaces\manga_ocr_interface.py", line 109, in get_manga_ocr_instance
    _manga_ocr_instance = manga_ocr.MangaOcr(force_cpu=force_cpu)
                          ^^^^^^^^^^^^^^^^^^^^^^^^^^^^^^^^^^^^^^^
  File "D:\Software\IDE\Anaconda\Lib\site-packages\manga_ocr\ocr.py", line 17, in __init__
    self.processor = ViTImageProcessor.from_pretrained(pretrained_model_name_or_path)
                     ^^^^^^^^^^^^^^^^^^^^^^^^^^^^^^^^^^^^^^^^^^^^^^^^^^^^^^^^^^^^^^^^
  File "D:\Software\IDE\Anaconda\Lib\site-packages\transformers\image_processing_base.py", line 208, in from_pretrained
    image_processor_dict, kwargs = cls.get_image_processor_dict(pretrained_model_name_or_path, **kwargs)
                                   ^^^^^^^^^^^^^^^^^^^^^^^^^^^^^^^^^^^^^^^^^^^^^^^^^^^^^^^^^^^^^^^^^^^^^
  File "D:\Software\IDE\Anaconda\Lib\site-packages\transformers\image_processing_base.py", line 340, in get_image_processor_dict
    resolved_image_processor_file = cached_file(
                                    ^^^^^^^^^^^^
  File "D:\Software\IDE\Anaconda\Lib\site-packages\transformers\utils\hub.py", line 312, in cached_file
    file = cached_files(path_or_repo_id=path_or_repo_id, filenames=[filename], **kwargs)
           ^^^^^^^^^^^^^^^^^^^^^^^^^^^^^^^^^^^^^^^^^^^^^^^^^^^^^^^^^^^^^^^^^^^^^^^^^^^^^
  File "D:\Software\IDE\Anaconda\Lib\site-packages\transformers\utils\hub.py", line 543, in cached_files
    raise OSError(
OSError: We couldn't connect to 'https://huggingface.co' to load the files, and couldn't find them in the cached files.
Checkout your internet connection or see how to run the library in offline mode at 'https://huggingface.co/docs/transformers/installation#offline-mode'.
2025-07-04 08:32:09 - MangaOCRInterface - [31mERROR[0m - [31mâŒ MangaOCR æ¨¡å‹é¢„åŠ è½½å¤±è´¥ã€‚[0m
2025-07-04 08:46:28 - TranslateAPI - [32mINFO[0m - [32mè¯·æ±‚å‚æ•°ï¼ˆä¸å«å›¾ç‰‡æ•°æ®ï¼‰: {"api_key": "sk-da5ff127540d4c9cb8ff1bb1ae16f71d", "model_name": "deepseek-chat", "model_provider": "deepseek", "prompt_content": "ä½ æ˜¯ä¸€ä¸ªå¥½ç”¨çš„ç¿»è¯‘åŠ©æ‰‹ã€‚è¯·å°†æˆ‘çš„éä¸­æ–‡è¯­å¥æ®µè½è¿æˆä¸€å¥æˆ–å‡ å¥è¯å¹¶ç¿»è¯‘æˆä¸­æ–‡ï¼Œæˆ‘å‘ç»™ä½ æ‰€æœ‰çš„è¯éƒ½æ˜¯éœ€è¦ç¿»è¯‘çš„å†…å®¹ï¼Œä½ åªéœ€è¦å›ç­”ç¿»è¯‘ç»“æœã€‚ç‰¹åˆ«æ³¨æ„ï¼šç¿»è¯‘ç»“æœå­—æ•°ä¸èƒ½è¶…è¿‡åŸæ–‡å­—æ•°ï¼ç¿»è¯‘ç»“æœè¯·ç¬¦åˆä¸­æ–‡çš„è¯­è¨€ä¹ æƒ¯ã€‚", "custom_base_url": "", "rpm_limit_translation": 0, "fontSize": 20, "autoFontSize": true, "fontFamily": "NotoSans-Medium.ttf", "textDirection": "vertical", "rotation_angle": 0, "enableTextStroke": false, "textStrokeColor": "#FF0000FF", "textStrokeWidth": 5, "ocr_engine": "manga_ocr", "baidu_api_key": "", "baidu_secret_key": "", "baidu_version": "standard", "ai_vision_provider": "siliconflow", "ai_vision_api_key": "", "ai_vision_model_name": "", "ai_vision_ocr_prompt": "", "custom_ai_vision_base_url": "", "use_json_format_ai_vision_ocr": false, "rpm_limit_ai_vision_ocr": 0, "fill_color": "#8BB8E0FF", "text_color": "#6FBC8FFF", "use_inpainting": false, "blend_edges": true, "inpainting_strength": 50, "use_lama": false, "skip_translation": false, "skip_ocr": false, "remove_only": false, "use_textbox_prompt": false, "textbox_prompt_content": "", "use_json_format_translation": false, "bubble_coords": [], "target_language": "zh", "source_language": "ja"}[0m
2025-07-04 08:46:28 - TranslateAPI - [32mINFO[0m - [32m----- ç¿»è¯‘è¯·æ±‚å‚æ•° -----[0m
2025-07-04 08:46:28 - TranslateAPI - [32mINFO[0m - [32mæ°”æ³¡å¡«å……æ–¹å¼: useInpainting=False, useLama=False[0m
2025-07-04 08:46:28 - TranslateAPI - [32mINFO[0m - [32mæ–‡å­—æ–¹å‘: vertical, å­—ä½“: NotoSans-Medium.ttf, å­—å·: 20[0m
2025-07-04 08:46:28 - TranslateAPI - [32mINFO[0m - [32mè·³è¿‡ç¿»è¯‘: False, è·³è¿‡OCR: False[0m
2025-07-04 08:46:28 - TranslateAPI - [32mINFO[0m - [32mä»…æ¶ˆé™¤æ¨¡å¼: False[0m
2025-07-04 08:46:28 - TranslateAPI - [32mINFO[0m - [32mJSONè¾“å‡ºæ¨¡å¼: ç¿»è¯‘=False, AIè§†è§‰OCR=False[0m
2025-07-04 08:46:28 - TranslateAPI - [32mINFO[0m - [32mrpm è®¾ç½®: ç¿»è¯‘æœåŠ¡ rpm=0, AIè§†è§‰OCR rpm=0[0m
2025-07-04 08:46:28 - TranslateAPI - [32mINFO[0m - [32mæè¾¹è®¾ç½®: enable=False, color=#FF0000FF, width=5[0m
2025-07-04 08:46:28 - TranslateAPI - [32mINFO[0m - [32m------------------------[0m
2025-07-04 08:46:28 - TranslateAPI - [32mINFO[0m - [32mè‡ªå®šä¹‰ OpenAI Base URL: æœªæä¾›[0m
2025-07-04 08:46:28 - TranslateAPI - [32mINFO[0m - [32mä½¿ç”¨è‡ªåŠ¨å­—ä½“å¤§å°[0m
2025-07-04 08:46:28 - PathHelpers - [32mINFO[0m - [32må¼€å‘ç¯å¢ƒä¸­ï¼Œé¡¹ç›®æ ¹ç›®å½•: C:\Users\Administrator\Desktop\shixi\project\Saber-Translator-main[0m
2025-07-04 08:46:28 - PathHelpers - [32mINFO[0m - [32må¼€å‘ç¯å¢ƒä¸­ï¼Œé¡¹ç›®æ ¹ç›®å½•: C:\Users\Administrator\Desktop\shixi\project\Saber-Translator-main[0m
2025-07-04 08:46:28 - TranslateAPI - [32mINFO[0m - [32måŸå§‹å­—ä½“è·¯å¾„: NotoSans-Medium.ttf, ä¿®æ­£å: C:\Users\Administrator\Desktop\shixi\project\Saber-Translator-main\src\app\static\fonts\NotoSans-Medium.ttf[0m
2025-07-04 08:46:29 - TranslateAPI - [32mINFO[0m - [32må›¾åƒæˆåŠŸåŠ è½½ï¼Œå¤§å°: (1700, 2200)[0m
2025-07-04 08:46:29 - TranslateAPI - [32mINFO[0m - [32mæœªæä¾›æ‰‹åŠ¨æ ‡æ³¨æ°”æ³¡åæ ‡ï¼Œå°†è‡ªåŠ¨æ£€æµ‹[0m
2025-07-04 08:46:29 - TranslateAPI - [32mINFO[0m - [32mä½¿ç”¨çº¯è‰²å¡«å……æ–¹å¼[0m
2025-07-04 08:46:29 - CoreProcessing - [32mINFO[0m - [32må¼€å§‹å¤„ç†å›¾åƒç¿»è¯‘æµç¨‹: æº=ja, ç›®æ ‡=zh, ä¿®å¤=solid[0m
2025-07-04 08:46:29 - CoreProcessing - [32mINFO[0m - [32mBEFORE_PROCESSING é’©å­ä¿®æ”¹äº†å‚æ•°/å›¾åƒã€‚[0m
2025-07-04 08:46:29 - CoreProcessing - [32mINFO[0m - [32mæ­¥éª¤ 1: æ£€æµ‹æ°”æ³¡åæ ‡...[0m
2025-07-04 08:46:29 - PathHelpers - [32mINFO[0m - [32må¼€å‘ç¯å¢ƒä¸­ï¼Œé¡¹ç›®æ ¹ç›®å½•: C:\Users\Administrator\Desktop\shixi\project\Saber-Translator-main[0m
2025-07-04 08:46:29 - YOLOv12Interface - [32mINFO[0m - [32må¼€å§‹åŠ è½½ YOLOv12 æœ¬åœ°æ¨¡å‹: C:\Users\Administrator\Desktop\shixi\project\Saber-Translator-main\weights\best.pt[0m
2025-07-04 08:46:33 - comic_translator - [32mINFO[0m - [32m==============================[0m
2025-07-04 08:46:33 - comic_translator - [32mINFO[0m - [32mæ¼«ç”»ç¿»è¯‘å™¨å¯åŠ¨[0m
2025-07-04 08:46:33 - comic_translator - [32mINFO[0m - [32m==============================[0m
2025-07-04 08:46:33 - comic_translator - [32mINFO[0m - [32mç³»ç»Ÿä¿¡æ¯: Windows-11-10.0.22000-SP0[0m
2025-07-04 08:46:33 - comic_translator - [32mINFO[0m - [32mPythonç‰ˆæœ¬: 3.12.4[0m
2025-07-04 08:46:33 - comic_translator - [32mINFO[0m - [32må·²æ‰‹åŠ¨æ·»åŠ  '.js' çš„ MIME ç±»å‹ä¸º 'text/javascript'[0m
2025-07-04 08:46:33 - PluginManager - [32mINFO[0m - [32måˆ›å»ºæ’ä»¶ç®¡ç†å™¨å®ä¾‹...[0m
2025-07-04 08:46:33 - PathHelpers - [32mINFO[0m - [32må¼€å‘ç¯å¢ƒä¸­ï¼Œé¡¹ç›®æ ¹ç›®å½•: C:\Users\Administrator\Desktop\shixi\project\Saber-Translator-main[0m
2025-07-04 08:46:33 - PathHelpers - [32mINFO[0m - [32må¼€å‘ç¯å¢ƒä¸­ï¼Œé¡¹ç›®æ ¹ç›®å½•: C:\Users\Administrator\Desktop\shixi\project\Saber-Translator-main[0m
2025-07-04 08:46:33 - PathHelpers - [32mINFO[0m - [32må¼€å‘ç¯å¢ƒä¸­ï¼Œé¡¹ç›®æ ¹ç›®å½•: C:\Users\Administrator\Desktop\shixi\project\Saber-Translator-main[0m
2025-07-04 08:46:33 - ConfigLoader - [32mINFO[0m - [32mæˆåŠŸåŠ è½½ JSON é…ç½®æ–‡ä»¶: C:\Users\Administrator\Desktop\shixi\project\Saber-Translator-main\config\plugin_default_states.json[0m
2025-07-04 08:46:33 - PluginManager - [32mINFO[0m - [32må·²åŠ è½½æ’ä»¶é»˜è®¤å¯ç”¨çŠ¶æ€: {'ç¤ºä¾‹æ’ä»¶': False, 'æ–‡æœ¬è£…é¥°å™¨': False}[0m
2025-07-04 08:46:33 - PluginManager - [32mINFO[0m - [32mæ’ä»¶ç®¡ç†å™¨åˆå§‹åŒ–ï¼Œæ‰«æç›®å½•: ['C:\\Users\\Administrator\\Desktop\\shixi\\project\\Saber-Translator-main\\src/plugins', 'C:\\Users\\Administrator\\Desktop\\shixi\\project\\Saber-Translator-main\\plugins'][0m
2025-07-04 08:46:33 - PluginManager - [32mINFO[0m - [32må¼€å§‹å‘ç°å’ŒåŠ è½½æ’ä»¶...[0m
2025-07-04 08:46:33 - PluginManager - [32mINFO[0m - [32mæ‰«ææ’ä»¶ç›®å½•: C:\Users\Administrator\Desktop\shixi\project\Saber-Translator-main\src/plugins[0m
2025-07-04 08:46:33 - PluginManager - [32mINFO[0m - [32mæ‰«ææ’ä»¶ç›®å½•: C:\Users\Administrator\Desktop\shixi\project\Saber-Translator-main\plugins[0m
2025-07-04 08:46:33 - PluginManager - [32mINFO[0m - [32må‘ç°æ’ä»¶ç±»: ExamplePlugin in example_plugin[0m
2025-07-04 08:46:33 - Plugin.ç¤ºä¾‹æ’ä»¶ - [32mINFO[0m - [32mç¤ºä¾‹æ’ä»¶æ­£åœ¨è®¾ç½®...[0m
2025-07-04 08:46:33 - Plugin.ç¤ºä¾‹æ’ä»¶ - [32mINFO[0m - [32mæ’ä»¶ 'ç¤ºä¾‹æ’ä»¶' é…ç½®å·²åŠ è½½: {}[0m
2025-07-04 08:46:33 - PluginManager - [32mINFO[0m - [32mæ’ä»¶ 'ç¤ºä¾‹æ’ä»¶' åŠ è½½ã€é…ç½®å¹¶è®¾ç½®æˆåŠŸã€‚[0m
2025-07-04 08:46:33 - PluginManager - [32mINFO[0m - [32må‘ç°æ’ä»¶ç±»: TextAffixerPlugin in text_affixer[0m
2025-07-04 08:46:33 - Plugin.æ–‡æœ¬è£…é¥°å™¨ - [32mINFO[0m - [32m'æ–‡æœ¬è£…é¥°å™¨' æ’ä»¶å·²åŠ è½½å¹¶è®¾ç½®ã€‚[0m
2025-07-04 08:46:33 - Plugin.æ–‡æœ¬è£…é¥°å™¨ - [32mINFO[0m - [32mæ’ä»¶ 'æ–‡æœ¬è£…é¥°å™¨' é…ç½®å·²åŠ è½½: {'text_prefix': '', 'text_suffix': '', 'apply_to_textbox': False}[0m
2025-07-04 08:46:33 - PluginManager - [32mINFO[0m - [32mæ’ä»¶ 'æ–‡æœ¬è£…é¥°å™¨' åŠ è½½ã€é…ç½®å¹¶è®¾ç½®æˆåŠŸã€‚[0m
2025-07-04 08:46:33 - PluginManager - [32mINFO[0m - [32mæ’ä»¶åŠ è½½å®Œæˆï¼Œå…±åŠ è½½ 2 ä¸ªæ’ä»¶ã€‚[0m
2025-07-04 08:46:33 - PluginManager - [32mINFO[0m - [32mæ ¹æ®ç”¨æˆ·è®¾ç½®å¯ç”¨æ’ä»¶...[0m
2025-07-04 08:46:33 - PluginManager - [32mINFO[0m - [32må…±å¯ç”¨ 0 ä¸ªæ’ä»¶ï¼ˆæ ¹æ®ç”¨æˆ·è®¾ç½®ï¼‰ã€‚[0m
2025-07-04 08:46:33 - comic_translator - [32mINFO[0m - [32mæ’ä»¶ç®¡ç†å™¨åˆå§‹åŒ–å®Œæˆã€‚[0m
2025-07-04 08:46:40 - PathHelpers - [32mINFO[0m - [32må¼€å‘ç¯å¢ƒä¸­ï¼Œé¡¹ç›®æ ¹ç›®å½•: C:\Users\Administrator\Desktop\shixi\project\Saber-Translator-main[0m
2025-07-04 08:46:40 - LAMAInterface - [33mWARNING[0m - [33mæœªæ‰¾åˆ° sd-webui-cleaner ç›®å½•: C:\Users\Administrator\Desktop\shixi\project\Saber-Translator-main\sd-webui-cleanerï¼ŒLAMA åŠŸèƒ½ä¸å¯ç”¨ã€‚[0m
2025-07-04 08:46:40 - comic_translator - [32mINFO[0m - [32mè“å›¾æ³¨å†ŒæˆåŠŸ[0m
2025-07-04 08:46:40 - PathHelpers - [32mINFO[0m - [32må¼€å‘ç¯å¢ƒä¸­ï¼Œé¡¹ç›®æ ¹ç›®å½•: C:\Users\Administrator\Desktop\shixi\project\Saber-Translator-main[0m
2025-07-04 08:46:40 - PathHelpers - [32mINFO[0m - [32må¼€å‘ç¯å¢ƒä¸­ï¼Œé¡¹ç›®æ ¹ç›®å½•: C:\Users\Administrator\Desktop\shixi\project\Saber-Translator-main[0m
2025-07-04 08:46:40 - SystemAPI - [32mINFO[0m - [32mæœåŠ¡ç›‘æ§çº¿ç¨‹å·²å¯åŠ¨[0m
2025-07-04 08:46:40 - sakura_service_checker - [32mINFO[0m - [32må¯åŠ¨SakuraæœåŠ¡ç›‘æ§çº¿ç¨‹[0m
2025-07-04 08:46:40 - comic_translator - [32mINFO[0m - [32mæœåŠ¡ç›‘æ§çº¿ç¨‹å·²å¯åŠ¨[0m
2025-07-04 08:46:40 - MangaOCRInterface - [32mINFO[0m - [32måœ¨åå°çº¿ç¨‹ä¸­é¢„åŠ è½½ MangaOCR æ¨¡å‹...[0m
2025-07-04 08:46:40 - MangaOCRInterface - [32mINFO[0m - [32må·²æé«˜é¢„åŠ è½½çº¿ç¨‹ä¼˜å…ˆçº§[0m
2025-07-04 08:46:40 - MangaOCRInterface - [32mINFO[0m - [32må¼€å§‹åˆå§‹åŒ– MangaOCR å®ä¾‹ï¼Œå¦‚æœé¦–æ¬¡ä½¿ç”¨å¯èƒ½ä¼šè‡ªåŠ¨ä¸‹è½½æ¨¡å‹æ–‡ä»¶ã€‚[0m
2025-07-04 08:46:40 - MangaOCRInterface - [32mINFO[0m - [32må·²å¯åŠ¨ MangaOCR æ¨¡å‹é¢„åŠ è½½çº¿ç¨‹ã€‚[0m
2025-07-04 08:46:40 - MangaOCRInterface - [32mINFO[0m - [32mæœªæ£€æµ‹åˆ°GPUï¼Œå°†ä½¿ç”¨CPUè¿è¡Œ[0m
2025-07-04 08:46:40 - comic_translator - [32mINFO[0m - [32må·²å¯åŠ¨ MangaOCR æ¨¡å‹é¢„åŠ è½½çº¿ç¨‹[0m
2025-07-04 08:46:40 - MangaOCRInterface - [32mINFO[0m - [32mä¼˜å…ˆä½¿ç”¨æœ¬åœ°æ¨¡å‹ï¼Œå·²è®¾ç½®ç¦»çº¿æ¨¡å¼...[0m
2025-07-04 08:46:40 - comic_translator - [32mINFO[0m - [32mç¨‹åºæ­£åœ¨è¿è¡Œï¼Œè¯·åœ¨æµè§ˆå™¨ä¸­è®¿é—® http://127.0.0.1:5000/[0m
2025-07-04 08:46:40 - MangaOCRInterface - [33mWARNING[0m - [33mæ— æ³•ä¿®æ”¹transformersç½‘ç»œè¯·æ±‚å‡½æ•°: module 'transformers.utils' has no attribute 'http_get_request'[0m
2025-07-04 08:46:40 - MangaOCRInterface - [31mERROR[0m - [31mä½¿ç”¨æœ¬åœ°è·¯å¾„åŠ è½½æ¨¡å‹å¤±è´¥: Can't load image processor for 'C:\Users\Administrator\Desktop\shixi\project\Saber-Translator-main\src\interfaces\..\..\manga_ocr_model'. If you were trying to load it from 'https://huggingface.co/models', make sure you don't have a local directory with the same name. Otherwise, make sure 'C:\Users\Administrator\Desktop\shixi\project\Saber-Translator-main\src\interfaces\..\..\manga_ocr_model' is the correct path to a directory containing a preprocessor_config.json file[0m
2025-07-04 08:46:40 - MangaOCRInterface - [32mINFO[0m - [32må°è¯•ä½¿ç”¨é»˜è®¤è·¯å¾„åŠ è½½æ¨¡å‹...[0m
2025-07-04 08:46:40 - MangaOCRInterface - [31mERROR[0m - [31måˆå§‹åŒ– MangaOCR å®ä¾‹å¤±è´¥: We couldn't connect to 'https://huggingface.co' to load the files, and couldn't find them in the cached files.
Checkout your internet connection or see how to run the library in offline mode at 'https://huggingface.co/docs/transformers/installation#offline-mode'.[0m
Traceback (most recent call last):
  File "D:\Software\IDE\Anaconda\Lib\site-packages\transformers\utils\hub.py", line 470, in cached_files
    hf_hub_download(
  File "D:\Software\IDE\Anaconda\Lib\site-packages\huggingface_hub\utils\_validators.py", line 106, in _inner_fn
    validate_repo_id(arg_value)
  File "D:\Software\IDE\Anaconda\Lib\site-packages\huggingface_hub\utils\_validators.py", line 160, in validate_repo_id
    raise HFValidationError(
huggingface_hub.errors.HFValidationError: Repo id must use alphanumeric chars or '-', '_', '.', '--' and '..' are forbidden, '-' and '.' cannot start or end the name, max length is 96: 'C:\Users\Administrator\Desktop\shixi\project\Saber-Translator-main\src\interfaces\..\..\manga_ocr_model'.

During handling of the above exception, another exception occurred:

Traceback (most recent call last):
  File "D:\Software\IDE\Anaconda\Lib\site-packages\transformers\image_processing_base.py", line 340, in get_image_processor_dict
    resolved_image_processor_file = cached_file(
                                    ^^^^^^^^^^^^
  File "D:\Software\IDE\Anaconda\Lib\site-packages\transformers\utils\hub.py", line 312, in cached_file
    file = cached_files(path_or_repo_id=path_or_repo_id, filenames=[filename], **kwargs)
           ^^^^^^^^^^^^^^^^^^^^^^^^^^^^^^^^^^^^^^^^^^^^^^^^^^^^^^^^^^^^^^^^^^^^^^^^^^^^^
  File "D:\Software\IDE\Anaconda\Lib\site-packages\transformers\utils\hub.py", line 523, in cached_files
    _get_cache_file_to_return(path_or_repo_id, filename, cache_dir, revision) for filename in full_filenames
    ^^^^^^^^^^^^^^^^^^^^^^^^^^^^^^^^^^^^^^^^^^^^^^^^^^^^^^^^^^^^^^^^^^^^^^^^^
  File "D:\Software\IDE\Anaconda\Lib\site-packages\transformers\utils\hub.py", line 140, in _get_cache_file_to_return
    resolved_file = try_to_load_from_cache(path_or_repo_id, full_filename, cache_dir=cache_dir, revision=revision)
                    ^^^^^^^^^^^^^^^^^^^^^^^^^^^^^^^^^^^^^^^^^^^^^^^^^^^^^^^^^^^^^^^^^^^^^^^^^^^^^^^^^^^^^^^^^^^^^^
  File "D:\Software\IDE\Anaconda\Lib\site-packages\huggingface_hub\utils\_validators.py", line 106, in _inner_fn
    validate_repo_id(arg_value)
  File "D:\Software\IDE\Anaconda\Lib\site-packages\huggingface_hub\utils\_validators.py", line 160, in validate_repo_id
    raise HFValidationError(
huggingface_hub.errors.HFValidationError: Repo id must use alphanumeric chars or '-', '_', '.', '--' and '..' are forbidden, '-' and '.' cannot start or end the name, max length is 96: 'C:\Users\Administrator\Desktop\shixi\project\Saber-Translator-main\src\interfaces\..\..\manga_ocr_model'.

During handling of the above exception, another exception occurred:

Traceback (most recent call last):
  File "C:\Users\Administrator\Desktop\shixi\project\Saber-Translator-main\src\interfaces\manga_ocr_interface.py", line 99, in get_manga_ocr_instance
    _manga_ocr_instance = manga_ocr.MangaOcr(
                          ^^^^^^^^^^^^^^^^^^^
  File "D:\Software\IDE\Anaconda\Lib\site-packages\manga_ocr\ocr.py", line 17, in __init__
    self.processor = ViTImageProcessor.from_pretrained(pretrained_model_name_or_path)
                     ^^^^^^^^^^^^^^^^^^^^^^^^^^^^^^^^^^^^^^^^^^^^^^^^^^^^^^^^^^^^^^^^
  File "D:\Software\IDE\Anaconda\Lib\site-packages\transformers\image_processing_base.py", line 208, in from_pretrained
    image_processor_dict, kwargs = cls.get_image_processor_dict(pretrained_model_name_or_path, **kwargs)
                                   ^^^^^^^^^^^^^^^^^^^^^^^^^^^^^^^^^^^^^^^^^^^^^^^^^^^^^^^^^^^^^^^^^^^^^
  File "D:\Software\IDE\Anaconda\Lib\site-packages\transformers\image_processing_base.py", line 359, in get_image_processor_dict
    raise OSError(
OSError: Can't load image processor for 'C:\Users\Administrator\Desktop\shixi\project\Saber-Translator-main\src\interfaces\..\..\manga_ocr_model'. If you were trying to load it from 'https://huggingface.co/models', make sure you don't have a local directory with the same name. Otherwise, make sure 'C:\Users\Administrator\Desktop\shixi\project\Saber-Translator-main\src\interfaces\..\..\manga_ocr_model' is the correct path to a directory containing a preprocessor_config.json file

During handling of the above exception, another exception occurred:

Traceback (most recent call last):
  File "D:\Software\IDE\Anaconda\Lib\site-packages\transformers\utils\hub.py", line 470, in cached_files
    hf_hub_download(
  File "D:\Software\IDE\Anaconda\Lib\site-packages\huggingface_hub\utils\_validators.py", line 114, in _inner_fn
    return fn(*args, **kwargs)
           ^^^^^^^^^^^^^^^^^^^
  File "D:\Software\IDE\Anaconda\Lib\site-packages\huggingface_hub\file_download.py", line 961, in hf_hub_download
    return _hf_hub_download_to_cache_dir(
           ^^^^^^^^^^^^^^^^^^^^^^^^^^^^^^
  File "D:\Software\IDE\Anaconda\Lib\site-packages\huggingface_hub\file_download.py", line 1068, in _hf_hub_download_to_cache_dir
    _raise_on_head_call_error(head_call_error, force_download, local_files_only)
  File "D:\Software\IDE\Anaconda\Lib\site-packages\huggingface_hub\file_download.py", line 1587, in _raise_on_head_call_error
    raise LocalEntryNotFoundError(
huggingface_hub.errors.LocalEntryNotFoundError: Cannot find the requested files in the disk cache and outgoing traffic has been disabled. To enable hf.co look-ups and downloads online, set 'local_files_only' to False.

The above exception was the direct cause of the following exception:

Traceback (most recent call last):
  File "C:\Users\Administrator\Desktop\shixi\project\Saber-Translator-main\src\interfaces\manga_ocr_interface.py", line 109, in get_manga_ocr_instance
    _manga_ocr_instance = manga_ocr.MangaOcr(force_cpu=force_cpu)
                          ^^^^^^^^^^^^^^^^^^^^^^^^^^^^^^^^^^^^^^^
  File "D:\Software\IDE\Anaconda\Lib\site-packages\manga_ocr\ocr.py", line 17, in __init__
    self.processor = ViTImageProcessor.from_pretrained(pretrained_model_name_or_path)
                     ^^^^^^^^^^^^^^^^^^^^^^^^^^^^^^^^^^^^^^^^^^^^^^^^^^^^^^^^^^^^^^^^
  File "D:\Software\IDE\Anaconda\Lib\site-packages\transformers\image_processing_base.py", line 208, in from_pretrained
    image_processor_dict, kwargs = cls.get_image_processor_dict(pretrained_model_name_or_path, **kwargs)
                                   ^^^^^^^^^^^^^^^^^^^^^^^^^^^^^^^^^^^^^^^^^^^^^^^^^^^^^^^^^^^^^^^^^^^^^
  File "D:\Software\IDE\Anaconda\Lib\site-packages\transformers\image_processing_base.py", line 340, in get_image_processor_dict
    resolved_image_processor_file = cached_file(
                                    ^^^^^^^^^^^^
  File "D:\Software\IDE\Anaconda\Lib\site-packages\transformers\utils\hub.py", line 312, in cached_file
    file = cached_files(path_or_repo_id=path_or_repo_id, filenames=[filename], **kwargs)
           ^^^^^^^^^^^^^^^^^^^^^^^^^^^^^^^^^^^^^^^^^^^^^^^^^^^^^^^^^^^^^^^^^^^^^^^^^^^^^
  File "D:\Software\IDE\Anaconda\Lib\site-packages\transformers\utils\hub.py", line 543, in cached_files
    raise OSError(
OSError: We couldn't connect to 'https://huggingface.co' to load the files, and couldn't find them in the cached files.
Checkout your internet connection or see how to run the library in offline mode at 'https://huggingface.co/docs/transformers/installation#offline-mode'.
2025-07-04 08:46:40 - MangaOCRInterface - [31mERROR[0m - [31mâŒ MangaOCR æ¨¡å‹é¢„åŠ è½½å¤±è´¥ã€‚[0m
2025-07-04 08:51:10 - TranslateAPI - [32mINFO[0m - [32mè¯·æ±‚å‚æ•°ï¼ˆä¸å«å›¾ç‰‡æ•°æ®ï¼‰: {"api_key": "sk-da5ff127540d4c9cb8ff1bb1ae16f71d", "model_name": "deepseek-chat", "model_provider": "deepseek", "prompt_content": "ä½ æ˜¯ä¸€ä¸ªå¥½ç”¨çš„ç¿»è¯‘åŠ©æ‰‹ã€‚è¯·å°†æˆ‘çš„éä¸­æ–‡è¯­å¥æ®µè½è¿æˆä¸€å¥æˆ–å‡ å¥è¯å¹¶ç¿»è¯‘æˆä¸­æ–‡ï¼Œæˆ‘å‘ç»™ä½ æ‰€æœ‰çš„è¯éƒ½æ˜¯éœ€è¦ç¿»è¯‘çš„å†…å®¹ï¼Œä½ åªéœ€è¦å›ç­”ç¿»è¯‘ç»“æœã€‚ç‰¹åˆ«æ³¨æ„ï¼šç¿»è¯‘ç»“æœå­—æ•°ä¸èƒ½è¶…è¿‡åŸæ–‡å­—æ•°ï¼ç¿»è¯‘ç»“æœè¯·ç¬¦åˆä¸­æ–‡çš„è¯­è¨€ä¹ æƒ¯ã€‚", "custom_base_url": "", "rpm_limit_translation": 0, "fontSize": 20, "autoFontSize": true, "fontFamily": "NotoSans-Medium.ttf", "textDirection": "vertical", "rotation_angle": 0, "enableTextStroke": false, "textStrokeColor": "#FF0000FF", "textStrokeWidth": 5, "ocr_engine": "manga_ocr", "baidu_api_key": "", "baidu_secret_key": "", "baidu_version": "standard", "ai_vision_provider": "siliconflow", "ai_vision_api_key": "", "ai_vision_model_name": "", "ai_vision_ocr_prompt": "", "custom_ai_vision_base_url": "", "use_json_format_ai_vision_ocr": false, "rpm_limit_ai_vision_ocr": 0, "fill_color": "#8BB8E0FF", "text_color": "#6FBC8FFF", "use_inpainting": false, "blend_edges": true, "inpainting_strength": 50, "use_lama": false, "skip_translation": false, "skip_ocr": false, "remove_only": false, "use_textbox_prompt": false, "textbox_prompt_content": "", "use_json_format_translation": false, "bubble_coords": [], "target_language": "zh", "source_language": "ja"}[0m
2025-07-04 08:51:10 - TranslateAPI - [32mINFO[0m - [32m----- ç¿»è¯‘è¯·æ±‚å‚æ•° -----[0m
2025-07-04 08:51:10 - TranslateAPI - [32mINFO[0m - [32mæ°”æ³¡å¡«å……æ–¹å¼: useInpainting=False, useLama=False[0m
2025-07-04 08:51:10 - TranslateAPI - [32mINFO[0m - [32mæ–‡å­—æ–¹å‘: vertical, å­—ä½“: NotoSans-Medium.ttf, å­—å·: 20[0m
2025-07-04 08:51:10 - TranslateAPI - [32mINFO[0m - [32mè·³è¿‡ç¿»è¯‘: False, è·³è¿‡OCR: False[0m
2025-07-04 08:51:10 - TranslateAPI - [32mINFO[0m - [32mä»…æ¶ˆé™¤æ¨¡å¼: False[0m
2025-07-04 08:51:10 - TranslateAPI - [32mINFO[0m - [32mJSONè¾“å‡ºæ¨¡å¼: ç¿»è¯‘=False, AIè§†è§‰OCR=False[0m
2025-07-04 08:51:10 - TranslateAPI - [32mINFO[0m - [32mrpm è®¾ç½®: ç¿»è¯‘æœåŠ¡ rpm=0, AIè§†è§‰OCR rpm=0[0m
2025-07-04 08:51:10 - TranslateAPI - [32mINFO[0m - [32mæè¾¹è®¾ç½®: enable=False, color=#FF0000FF, width=5[0m
2025-07-04 08:51:10 - TranslateAPI - [32mINFO[0m - [32m------------------------[0m
2025-07-04 08:51:10 - TranslateAPI - [32mINFO[0m - [32mè‡ªå®šä¹‰ OpenAI Base URL: æœªæä¾›[0m
2025-07-04 08:51:10 - TranslateAPI - [32mINFO[0m - [32mä½¿ç”¨è‡ªåŠ¨å­—ä½“å¤§å°[0m
2025-07-04 08:51:10 - PathHelpers - [32mINFO[0m - [32må¼€å‘ç¯å¢ƒä¸­ï¼Œé¡¹ç›®æ ¹ç›®å½•: C:\Users\Administrator\Desktop\shixi\project\Saber-Translator-main[0m
2025-07-04 08:51:10 - PathHelpers - [32mINFO[0m - [32må¼€å‘ç¯å¢ƒä¸­ï¼Œé¡¹ç›®æ ¹ç›®å½•: C:\Users\Administrator\Desktop\shixi\project\Saber-Translator-main[0m
2025-07-04 08:51:10 - TranslateAPI - [32mINFO[0m - [32måŸå§‹å­—ä½“è·¯å¾„: NotoSans-Medium.ttf, ä¿®æ­£å: C:\Users\Administrator\Desktop\shixi\project\Saber-Translator-main\src\app\static\fonts\NotoSans-Medium.ttf[0m
2025-07-04 08:51:10 - TranslateAPI - [32mINFO[0m - [32må›¾åƒæˆåŠŸåŠ è½½ï¼Œå¤§å°: (1700, 2200)[0m
2025-07-04 08:51:10 - TranslateAPI - [32mINFO[0m - [32mæœªæä¾›æ‰‹åŠ¨æ ‡æ³¨æ°”æ³¡åæ ‡ï¼Œå°†è‡ªåŠ¨æ£€æµ‹[0m
2025-07-04 08:51:10 - TranslateAPI - [32mINFO[0m - [32mä½¿ç”¨çº¯è‰²å¡«å……æ–¹å¼[0m
2025-07-04 08:51:10 - CoreProcessing - [32mINFO[0m - [32må¼€å§‹å¤„ç†å›¾åƒç¿»è¯‘æµç¨‹: æº=ja, ç›®æ ‡=zh, ä¿®å¤=solid[0m
2025-07-04 08:51:10 - CoreProcessing - [32mINFO[0m - [32mBEFORE_PROCESSING é’©å­ä¿®æ”¹äº†å‚æ•°/å›¾åƒã€‚[0m
2025-07-04 08:51:10 - CoreProcessing - [32mINFO[0m - [32mæ­¥éª¤ 1: æ£€æµ‹æ°”æ³¡åæ ‡...[0m
2025-07-04 08:51:10 - PathHelpers - [32mINFO[0m - [32må¼€å‘ç¯å¢ƒä¸­ï¼Œé¡¹ç›®æ ¹ç›®å½•: C:\Users\Administrator\Desktop\shixi\project\Saber-Translator-main[0m
2025-07-04 08:51:10 - YOLOv12Interface - [32mINFO[0m - [32må¼€å§‹åŠ è½½ YOLOv12 æœ¬åœ°æ¨¡å‹: C:\Users\Administrator\Desktop\shixi\project\Saber-Translator-main\weights\best.pt[0m
2025-07-04 08:51:10 - YOLOv12Interface - [32mINFO[0m - [32mYOLOv12 æœ¬åœ°æ¨¡å‹åŠ è½½æˆåŠŸ[0m
2025-07-04 08:51:11 - YOLOv12Interface - [32mINFO[0m - [32mYOLOv12 æ£€æµ‹åˆ° 8 ä¸ªå€™é€‰æ¡† (é˜ˆå€¼: 0.6)[0m
2025-07-04 08:51:11 - CoreDetection - [32mINFO[0m - [32mæ£€æµ‹åˆ° 8 ä¸ªæ°”æ³¡å€™é€‰æ¡†ã€‚[0m
2025-07-04 08:51:11 - CoreDetection - [32mINFO[0m - [32mæœ€ç»ˆè·å–å¹¶æ’åºäº† 8 ä¸ªæœ‰æ•ˆæ°”æ³¡åæ ‡ã€‚[0m
2025-07-04 08:51:11 - CoreProcessing - [32mINFO[0m - [32mæ°”æ³¡æ£€æµ‹å®Œæˆï¼Œæ‰¾åˆ° 8 ä¸ªæ°”æ³¡ (è€—æ—¶: 0.78s)[0m
2025-07-04 08:51:11 - CoreProcessing - [32mINFO[0m - [32mæ­¥éª¤ 2: OCR è¯†åˆ«æ–‡æœ¬...[0m
2025-07-04 08:51:11 - MangaOCRInterface - [32mINFO[0m - [32må¼€å§‹åˆå§‹åŒ– MangaOCR å®ä¾‹ï¼Œå¦‚æœé¦–æ¬¡ä½¿ç”¨å¯èƒ½ä¼šè‡ªåŠ¨ä¸‹è½½æ¨¡å‹æ–‡ä»¶ã€‚[0m
2025-07-04 08:51:11 - MangaOCRInterface - [32mINFO[0m - [32mæœªæ£€æµ‹åˆ°GPUï¼Œå°†ä½¿ç”¨CPUè¿è¡Œ[0m
2025-07-04 08:51:11 - MangaOCRInterface - [32mINFO[0m - [32mä¼˜å…ˆä½¿ç”¨æœ¬åœ°æ¨¡å‹ï¼Œå·²è®¾ç½®ç¦»çº¿æ¨¡å¼...[0m
2025-07-04 08:51:11 - MangaOCRInterface - [33mWARNING[0m - [33mæ— æ³•ä¿®æ”¹transformersç½‘ç»œè¯·æ±‚å‡½æ•°: module 'transformers.utils' has no attribute 'http_get_request'[0m
2025-07-04 08:51:11 - MangaOCRInterface - [31mERROR[0m - [31mä½¿ç”¨æœ¬åœ°è·¯å¾„åŠ è½½æ¨¡å‹å¤±è´¥: Can't load image processor for 'C:\Users\Administrator\Desktop\shixi\project\Saber-Translator-main\src\interfaces\..\..\manga_ocr_model'. If you were trying to load it from 'https://huggingface.co/models', make sure you don't have a local directory with the same name. Otherwise, make sure 'C:\Users\Administrator\Desktop\shixi\project\Saber-Translator-main\src\interfaces\..\..\manga_ocr_model' is the correct path to a directory containing a preprocessor_config.json file[0m
2025-07-04 08:51:11 - MangaOCRInterface - [32mINFO[0m - [32må°è¯•ä½¿ç”¨é»˜è®¤è·¯å¾„åŠ è½½æ¨¡å‹...[0m
2025-07-04 08:51:11 - MangaOCRInterface - [31mERROR[0m - [31måˆå§‹åŒ– MangaOCR å®ä¾‹å¤±è´¥: We couldn't connect to 'https://huggingface.co' to load the files, and couldn't find them in the cached files.
Checkout your internet connection or see how to run the library in offline mode at 'https://huggingface.co/docs/transformers/installation#offline-mode'.[0m
Traceback (most recent call last):
  File "D:\Software\IDE\Anaconda\Lib\site-packages\transformers\utils\hub.py", line 470, in cached_files
    hf_hub_download(
  File "D:\Software\IDE\Anaconda\Lib\site-packages\huggingface_hub\utils\_validators.py", line 106, in _inner_fn
    validate_repo_id(arg_value)
  File "D:\Software\IDE\Anaconda\Lib\site-packages\huggingface_hub\utils\_validators.py", line 160, in validate_repo_id
    raise HFValidationError(
huggingface_hub.errors.HFValidationError: Repo id must use alphanumeric chars or '-', '_', '.', '--' and '..' are forbidden, '-' and '.' cannot start or end the name, max length is 96: 'C:\Users\Administrator\Desktop\shixi\project\Saber-Translator-main\src\interfaces\..\..\manga_ocr_model'.

During handling of the above exception, another exception occurred:

Traceback (most recent call last):
  File "D:\Software\IDE\Anaconda\Lib\site-packages\transformers\image_processing_base.py", line 340, in get_image_processor_dict
    resolved_image_processor_file = cached_file(
                                    ^^^^^^^^^^^^
  File "D:\Software\IDE\Anaconda\Lib\site-packages\transformers\utils\hub.py", line 312, in cached_file
    file = cached_files(path_or_repo_id=path_or_repo_id, filenames=[filename], **kwargs)
           ^^^^^^^^^^^^^^^^^^^^^^^^^^^^^^^^^^^^^^^^^^^^^^^^^^^^^^^^^^^^^^^^^^^^^^^^^^^^^
  File "D:\Software\IDE\Anaconda\Lib\site-packages\transformers\utils\hub.py", line 523, in cached_files
    _get_cache_file_to_return(path_or_repo_id, filename, cache_dir, revision) for filename in full_filenames
    ^^^^^^^^^^^^^^^^^^^^^^^^^^^^^^^^^^^^^^^^^^^^^^^^^^^^^^^^^^^^^^^^^^^^^^^^^
  File "D:\Software\IDE\Anaconda\Lib\site-packages\transformers\utils\hub.py", line 140, in _get_cache_file_to_return
    resolved_file = try_to_load_from_cache(path_or_repo_id, full_filename, cache_dir=cache_dir, revision=revision)
                    ^^^^^^^^^^^^^^^^^^^^^^^^^^^^^^^^^^^^^^^^^^^^^^^^^^^^^^^^^^^^^^^^^^^^^^^^^^^^^^^^^^^^^^^^^^^^^^
  File "D:\Software\IDE\Anaconda\Lib\site-packages\huggingface_hub\utils\_validators.py", line 106, in _inner_fn
    validate_repo_id(arg_value)
  File "D:\Software\IDE\Anaconda\Lib\site-packages\huggingface_hub\utils\_validators.py", line 160, in validate_repo_id
    raise HFValidationError(
huggingface_hub.errors.HFValidationError: Repo id must use alphanumeric chars or '-', '_', '.', '--' and '..' are forbidden, '-' and '.' cannot start or end the name, max length is 96: 'C:\Users\Administrator\Desktop\shixi\project\Saber-Translator-main\src\interfaces\..\..\manga_ocr_model'.

During handling of the above exception, another exception occurred:

Traceback (most recent call last):
  File "C:\Users\Administrator\Desktop\shixi\project\Saber-Translator-main\src\interfaces\manga_ocr_interface.py", line 99, in get_manga_ocr_instance
    _manga_ocr_instance = manga_ocr.MangaOcr(
                          ^^^^^^^^^^^^^^^^^^^
  File "D:\Software\IDE\Anaconda\Lib\site-packages\manga_ocr\ocr.py", line 17, in __init__
    self.processor = ViTImageProcessor.from_pretrained(pretrained_model_name_or_path)
                     ^^^^^^^^^^^^^^^^^^^^^^^^^^^^^^^^^^^^^^^^^^^^^^^^^^^^^^^^^^^^^^^^
  File "D:\Software\IDE\Anaconda\Lib\site-packages\transformers\image_processing_base.py", line 208, in from_pretrained
    image_processor_dict, kwargs = cls.get_image_processor_dict(pretrained_model_name_or_path, **kwargs)
                                   ^^^^^^^^^^^^^^^^^^^^^^^^^^^^^^^^^^^^^^^^^^^^^^^^^^^^^^^^^^^^^^^^^^^^^
  File "D:\Software\IDE\Anaconda\Lib\site-packages\transformers\image_processing_base.py", line 359, in get_image_processor_dict
    raise OSError(
OSError: Can't load image processor for 'C:\Users\Administrator\Desktop\shixi\project\Saber-Translator-main\src\interfaces\..\..\manga_ocr_model'. If you were trying to load it from 'https://huggingface.co/models', make sure you don't have a local directory with the same name. Otherwise, make sure 'C:\Users\Administrator\Desktop\shixi\project\Saber-Translator-main\src\interfaces\..\..\manga_ocr_model' is the correct path to a directory containing a preprocessor_config.json file

During handling of the above exception, another exception occurred:

Traceback (most recent call last):
  File "D:\Software\IDE\Anaconda\Lib\site-packages\transformers\utils\hub.py", line 470, in cached_files
    hf_hub_download(
  File "D:\Software\IDE\Anaconda\Lib\site-packages\huggingface_hub\utils\_validators.py", line 114, in _inner_fn
    return fn(*args, **kwargs)
           ^^^^^^^^^^^^^^^^^^^
  File "D:\Software\IDE\Anaconda\Lib\site-packages\huggingface_hub\file_download.py", line 961, in hf_hub_download
    return _hf_hub_download_to_cache_dir(
           ^^^^^^^^^^^^^^^^^^^^^^^^^^^^^^
  File "D:\Software\IDE\Anaconda\Lib\site-packages\huggingface_hub\file_download.py", line 1068, in _hf_hub_download_to_cache_dir
    _raise_on_head_call_error(head_call_error, force_download, local_files_only)
  File "D:\Software\IDE\Anaconda\Lib\site-packages\huggingface_hub\file_download.py", line 1587, in _raise_on_head_call_error
    raise LocalEntryNotFoundError(
huggingface_hub.errors.LocalEntryNotFoundError: Cannot find the requested files in the disk cache and outgoing traffic has been disabled. To enable hf.co look-ups and downloads online, set 'local_files_only' to False.

The above exception was the direct cause of the following exception:

Traceback (most recent call last):
  File "C:\Users\Administrator\Desktop\shixi\project\Saber-Translator-main\src\interfaces\manga_ocr_interface.py", line 109, in get_manga_ocr_instance
    _manga_ocr_instance = manga_ocr.MangaOcr(force_cpu=force_cpu)
                          ^^^^^^^^^^^^^^^^^^^^^^^^^^^^^^^^^^^^^^^
  File "D:\Software\IDE\Anaconda\Lib\site-packages\manga_ocr\ocr.py", line 17, in __init__
    self.processor = ViTImageProcessor.from_pretrained(pretrained_model_name_or_path)
                     ^^^^^^^^^^^^^^^^^^^^^^^^^^^^^^^^^^^^^^^^^^^^^^^^^^^^^^^^^^^^^^^^
  File "D:\Software\IDE\Anaconda\Lib\site-packages\transformers\image_processing_base.py", line 208, in from_pretrained
    image_processor_dict, kwargs = cls.get_image_processor_dict(pretrained_model_name_or_path, **kwargs)
                                   ^^^^^^^^^^^^^^^^^^^^^^^^^^^^^^^^^^^^^^^^^^^^^^^^^^^^^^^^^^^^^^^^^^^^^
  File "D:\Software\IDE\Anaconda\Lib\site-packages\transformers\image_processing_base.py", line 340, in get_image_processor_dict
    resolved_image_processor_file = cached_file(
                                    ^^^^^^^^^^^^
  File "D:\Software\IDE\Anaconda\Lib\site-packages\transformers\utils\hub.py", line 312, in cached_file
    file = cached_files(path_or_repo_id=path_or_repo_id, filenames=[filename], **kwargs)
           ^^^^^^^^^^^^^^^^^^^^^^^^^^^^^^^^^^^^^^^^^^^^^^^^^^^^^^^^^^^^^^^^^^^^^^^^^^^^^
  File "D:\Software\IDE\Anaconda\Lib\site-packages\transformers\utils\hub.py", line 543, in cached_files
    raise OSError(
OSError: We couldn't connect to 'https://huggingface.co' to load the files, and couldn't find them in the cached files.
Checkout your internet connection or see how to run the library in offline mode at 'https://huggingface.co/docs/transformers/installation#offline-mode'.
2025-07-04 08:51:11 - CoreOCR - [31mERROR[0m - [31mæ— æ³•åˆå§‹åŒ– MangaOCRï¼ŒOCR æ­¥éª¤è·³è¿‡ã€‚[0m
2025-07-04 08:51:11 - CoreProcessing - [32mINFO[0m - [32mOCR å®Œæˆ (è€—æ—¶: 0.04s)[0m
2025-07-04 08:51:11 - CoreProcessing - [32mINFO[0m - [32mBEFORE_TRANSLATION é’©å­ä¿®æ”¹äº†æ–‡æœ¬æˆ–å‚æ•°ã€‚[0m
2025-07-04 08:51:11 - CoreProcessing - [32mINFO[0m - [32mæ­¥éª¤ 3: ç¿»è¯‘æ–‡æœ¬...[0m
2025-07-04 08:51:11 - CoreProcessing - [32mINFO[0m - [32mç¿»è¯‘æ¨¡å‹: deepseek, æ¨¡å‹åç§°: deepseek-chat[0m
2025-07-04 08:51:11 - CoreProcessing - [32mINFO[0m - [32må¾…ç¿»è¯‘æ–‡æœ¬æ•°é‡: 8[0m
2025-07-04 08:51:11 - CoreProcessing - [32mINFO[0m - [32mè°ƒç”¨ translate_text_list å¼€å§‹ - æ¨¡å‹: deepseek, æ¨¡å‹å: deepseek-chat, APIå¯†é’¥é•¿åº¦: 35, è‡ªå®šä¹‰BaseURL: æ— [0m
2025-07-04 08:51:11 - CoreTranslation - [32mINFO[0m - [32må¼€å§‹æ‰¹é‡ç¿»è¯‘ 8 ä¸ªæ–‡æœ¬ç‰‡æ®µ (ä½¿ç”¨ deepseek, rpm: æ— )...[0m
2025-07-04 08:51:11 - CoreTranslation - [32mINFO[0m - [32mæ‰¹é‡ç¿»è¯‘å®Œæˆã€‚[0m
2025-07-04 08:51:11 - CoreProcessing - [32mINFO[0m - [32mtranslate_text_list è°ƒç”¨å®Œæˆï¼Œè¿”å›ç»“æœæ•°é‡: 8[0m
2025-07-04 08:51:11 - CoreProcessing - [32mINFO[0m - [32mç¿»è¯‘ç»“æœ:[0m
2025-07-04 08:51:11 - CoreProcessing - [32mINFO[0m - [32mç¿»è¯‘å®Œæˆ (è€—æ—¶: 0.00s)[0m
2025-07-04 08:51:11 - CoreProcessing - [32mINFO[0m - [32mAFTER_TRANSLATION é’©å­ä¿®æ”¹äº†ç¿»è¯‘ç»“æœã€‚[0m
2025-07-04 08:51:11 - CoreProcessing - [32mINFO[0m - [32mæ­¥éª¤ 4: ä¿®å¤/å¡«å……èƒŒæ™¯ (æ–¹æ³•: solid)...[0m
2025-07-04 08:51:11 - CoreInpainting - [32mINFO[0m - [32måˆ›å»ºæ°”æ³¡æ©ç ï¼Œå›¾åƒå¤§å°ï¼š(2200, 1700, 3), æ°”æ³¡æ•°é‡ï¼š8[0m
2025-07-04 08:51:11 - PathHelpers - [32mINFO[0m - [32må¼€å‘ç¯å¢ƒä¸­ï¼Œé¡¹ç›®æ ¹ç›®å½•: C:\Users\Administrator\Desktop\shixi\project\Saber-Translator-main[0m
2025-07-04 08:51:11 - CoreInpainting - [32mINFO[0m - [32mæ‰§è¡Œçº¯è‰²å¡«å……ï¼Œé¢œè‰²: #8BB8E0FF[0m
2025-07-04 08:51:11 - CoreInpainting - [32mINFO[0m - [32mçº¯è‰²å¡«å……å®Œæˆï¼Œå·²ç”Ÿæˆå¯¹åº”çš„'å¹²å‡€'èƒŒæ™¯ã€‚[0m
2025-07-04 08:51:11 - PathHelpers - [32mINFO[0m - [32må¼€å‘ç¯å¢ƒä¸­ï¼Œé¡¹ç›®æ ¹ç›®å½•: C:\Users\Administrator\Desktop\shixi\project\Saber-Translator-main[0m
2025-07-04 08:51:11 - CoreProcessing - [32mINFO[0m - [32mèƒŒæ™¯å¤„ç†å®Œæˆ (è€—æ—¶: 0.60s)[0m
2025-07-04 08:51:11 - CoreProcessing - [32mINFO[0m - [32mAFTER_INPAINTING é’©å­ä¿®æ”¹äº†å›¾åƒã€‚[0m
2025-07-04 08:51:11 - CoreProcessing - [32mINFO[0m - [32mBEFORE_RENDERING é’©å­ä¿®æ”¹äº†æ¸²æŸ“å‚æ•°ã€‚[0m
2025-07-04 08:51:11 - CoreProcessing - [32mINFO[0m - [32mæ­¥éª¤ 5: æ¸²æŸ“ç¿»è¯‘æ–‡æœ¬...[0m
2025-07-04 08:51:11 - CoreRendering - [32mINFO[0m - [32må¼€å§‹æ¸²æŸ“ 8 ä¸ªæ°”æ³¡çš„æ–‡æœ¬...[0m
2025-07-04 08:51:11 - PathHelpers - [32mINFO[0m - [32må¼€å‘ç¯å¢ƒä¸­ï¼Œé¡¹ç›®æ ¹ç›®å½•: C:\Users\Administrator\Desktop\shixi\project\Saber-Translator-main[0m
2025-07-04 08:51:11 - CoreRendering - [32mINFO[0m - [32mæˆåŠŸåŠ è½½å­—ä½“: C:\Users\Administrator\Desktop\shixi\project\Saber-Translator-main\src\app\static\fonts\NotoSans-Medium.ttf (å¤§å°: 30)[0m
2025-07-04 08:51:11 - CoreRendering - [32mINFO[0m - [32mæ‰€æœ‰æ°”æ³¡æ–‡æœ¬æ¸²æŸ“å®Œæˆã€‚[0m
2025-07-04 08:51:11 - CoreProcessing - [32mINFO[0m - [32mæ–‡æœ¬æ¸²æŸ“å®Œæˆ (è€—æ—¶: 0.01s)[0m
2025-07-04 08:51:11 - CoreProcessing - [32mINFO[0m - [32mAFTER_PROCESSING é’©å­ä¿®æ”¹äº†æœ€ç»ˆç»“æœã€‚[0m
2025-07-04 08:51:11 - CoreProcessing - [32mINFO[0m - [32må›¾åƒç¿»è¯‘æµç¨‹å®Œæˆï¼Œæ€»è€—æ—¶: 1.47s[0m
2025-07-04 08:51:12 - TranslateAPI - [32mINFO[0m - [32mè¿”å›å‚æ•° keys: ['translated_image', 'clean_image', 'original_texts', 'bubble_texts', 'textbox_texts', 'bubble_coords'][0m
2025-07-04 08:53:21 - TranslateAPI - [32mINFO[0m - [32mè¯·æ±‚å‚æ•°ï¼ˆä¸å«å›¾ç‰‡æ•°æ®ï¼‰: {"api_key": "sk-da5ff127540d4c9cb8ff1bb1ae16f71d", "model_name": "deepseek-chat", "model_provider": "deepseek", "prompt_content": "ä½ æ˜¯ä¸€ä¸ªå¥½ç”¨çš„ç¿»è¯‘åŠ©æ‰‹ã€‚è¯·å°†æˆ‘çš„éä¸­æ–‡è¯­å¥æ®µè½è¿æˆä¸€å¥æˆ–å‡ å¥è¯å¹¶ç¿»è¯‘æˆä¸­æ–‡ï¼Œæˆ‘å‘ç»™ä½ æ‰€æœ‰çš„è¯éƒ½æ˜¯éœ€è¦ç¿»è¯‘çš„å†…å®¹ï¼Œä½ åªéœ€è¦å›ç­”ç¿»è¯‘ç»“æœã€‚ç‰¹åˆ«æ³¨æ„ï¼šç¿»è¯‘ç»“æœå­—æ•°ä¸èƒ½è¶…è¿‡åŸæ–‡å­—æ•°ï¼ç¿»è¯‘ç»“æœè¯·ç¬¦åˆä¸­æ–‡çš„è¯­è¨€ä¹ æƒ¯ã€‚", "custom_base_url": "", "rpm_limit_translation": 0, "fontSize": 20, "autoFontSize": true, "fontFamily": "NotoSans-Medium.ttf", "textDirection": "vertical", "rotation_angle": 0, "enableTextStroke": false, "textStrokeColor": "#FF0000FF", "textStrokeWidth": 5, "ocr_engine": "manga_ocr", "baidu_api_key": "", "baidu_secret_key": "", "baidu_version": "standard", "ai_vision_provider": "siliconflow", "ai_vision_api_key": "", "ai_vision_model_name": "", "ai_vision_ocr_prompt": "", "custom_ai_vision_base_url": "", "use_json_format_ai_vision_ocr": false, "rpm_limit_ai_vision_ocr": 0, "fill_color": "#8BB8E0FF", "text_color": "#6FBC8FFF", "use_inpainting": false, "blend_edges": true, "inpainting_strength": 50, "use_lama": false, "skip_translation": false, "skip_ocr": false, "remove_only": false, "use_textbox_prompt": false, "textbox_prompt_content": "", "use_json_format_translation": false, "bubble_coords": [], "target_language": "zh", "source_language": "ja"}[0m
2025-07-04 08:53:21 - TranslateAPI - [32mINFO[0m - [32m----- ç¿»è¯‘è¯·æ±‚å‚æ•° -----[0m
2025-07-04 08:53:21 - TranslateAPI - [32mINFO[0m - [32mæ°”æ³¡å¡«å……æ–¹å¼: useInpainting=False, useLama=False[0m
2025-07-04 08:53:21 - TranslateAPI - [32mINFO[0m - [32mæ–‡å­—æ–¹å‘: vertical, å­—ä½“: NotoSans-Medium.ttf, å­—å·: 20[0m
2025-07-04 08:53:21 - TranslateAPI - [32mINFO[0m - [32mè·³è¿‡ç¿»è¯‘: False, è·³è¿‡OCR: False[0m
2025-07-04 08:53:21 - TranslateAPI - [32mINFO[0m - [32mä»…æ¶ˆé™¤æ¨¡å¼: False[0m
2025-07-04 08:53:21 - TranslateAPI - [32mINFO[0m - [32mJSONè¾“å‡ºæ¨¡å¼: ç¿»è¯‘=False, AIè§†è§‰OCR=False[0m
2025-07-04 08:53:21 - TranslateAPI - [32mINFO[0m - [32mrpm è®¾ç½®: ç¿»è¯‘æœåŠ¡ rpm=0, AIè§†è§‰OCR rpm=0[0m
2025-07-04 08:53:21 - TranslateAPI - [32mINFO[0m - [32mæè¾¹è®¾ç½®: enable=False, color=#FF0000FF, width=5[0m
2025-07-04 08:53:21 - TranslateAPI - [32mINFO[0m - [32m------------------------[0m
2025-07-04 08:53:21 - TranslateAPI - [32mINFO[0m - [32mè‡ªå®šä¹‰ OpenAI Base URL: æœªæä¾›[0m
2025-07-04 08:53:21 - TranslateAPI - [32mINFO[0m - [32mä½¿ç”¨è‡ªåŠ¨å­—ä½“å¤§å°[0m
2025-07-04 08:53:21 - PathHelpers - [32mINFO[0m - [32må¼€å‘ç¯å¢ƒä¸­ï¼Œé¡¹ç›®æ ¹ç›®å½•: C:\Users\Administrator\Desktop\shixi\project\Saber-Translator-main[0m
2025-07-04 08:53:21 - PathHelpers - [32mINFO[0m - [32må¼€å‘ç¯å¢ƒä¸­ï¼Œé¡¹ç›®æ ¹ç›®å½•: C:\Users\Administrator\Desktop\shixi\project\Saber-Translator-main[0m
2025-07-04 08:53:21 - TranslateAPI - [32mINFO[0m - [32måŸå§‹å­—ä½“è·¯å¾„: NotoSans-Medium.ttf, ä¿®æ­£å: C:\Users\Administrator\Desktop\shixi\project\Saber-Translator-main\src\app\static\fonts\NotoSans-Medium.ttf[0m
2025-07-04 08:53:21 - TranslateAPI - [32mINFO[0m - [32må›¾åƒæˆåŠŸåŠ è½½ï¼Œå¤§å°: (1700, 2200)[0m
2025-07-04 08:53:21 - TranslateAPI - [32mINFO[0m - [32mæœªæä¾›æ‰‹åŠ¨æ ‡æ³¨æ°”æ³¡åæ ‡ï¼Œå°†è‡ªåŠ¨æ£€æµ‹[0m
2025-07-04 08:53:21 - TranslateAPI - [32mINFO[0m - [32mä½¿ç”¨çº¯è‰²å¡«å……æ–¹å¼[0m
2025-07-04 08:53:21 - CoreProcessing - [32mINFO[0m - [32må¼€å§‹å¤„ç†å›¾åƒç¿»è¯‘æµç¨‹: æº=ja, ç›®æ ‡=zh, ä¿®å¤=solid[0m
2025-07-04 08:53:21 - CoreProcessing - [32mINFO[0m - [32mBEFORE_PROCESSING é’©å­ä¿®æ”¹äº†å‚æ•°/å›¾åƒã€‚[0m
2025-07-04 08:53:21 - CoreProcessing - [32mINFO[0m - [32mæ­¥éª¤ 1: æ£€æµ‹æ°”æ³¡åæ ‡...[0m
2025-07-04 08:53:21 - YOLOv12Interface - [32mINFO[0m - [32mYOLOv12 æ£€æµ‹åˆ° 8 ä¸ªå€™é€‰æ¡† (é˜ˆå€¼: 0.6)[0m
2025-07-04 08:53:21 - CoreDetection - [32mINFO[0m - [32mæ£€æµ‹åˆ° 8 ä¸ªæ°”æ³¡å€™é€‰æ¡†ã€‚[0m
2025-07-04 08:53:21 - CoreDetection - [32mINFO[0m - [32mæœ€ç»ˆè·å–å¹¶æ’åºäº† 8 ä¸ªæœ‰æ•ˆæ°”æ³¡åæ ‡ã€‚[0m
2025-07-04 08:53:21 - CoreProcessing - [32mINFO[0m - [32mæ°”æ³¡æ£€æµ‹å®Œæˆï¼Œæ‰¾åˆ° 8 ä¸ªæ°”æ³¡ (è€—æ—¶: 0.29s)[0m
2025-07-04 08:53:21 - CoreProcessing - [32mINFO[0m - [32mæ­¥éª¤ 2: OCR è¯†åˆ«æ–‡æœ¬...[0m
2025-07-04 08:53:21 - MangaOCRInterface - [32mINFO[0m - [32må¼€å§‹åˆå§‹åŒ– MangaOCR å®ä¾‹ï¼Œå¦‚æœé¦–æ¬¡ä½¿ç”¨å¯èƒ½ä¼šè‡ªåŠ¨ä¸‹è½½æ¨¡å‹æ–‡ä»¶ã€‚[0m
2025-07-04 08:53:21 - MangaOCRInterface - [32mINFO[0m - [32mæœªæ£€æµ‹åˆ°GPUï¼Œå°†ä½¿ç”¨CPUè¿è¡Œ[0m
2025-07-04 08:53:21 - MangaOCRInterface - [32mINFO[0m - [32mä¼˜å…ˆä½¿ç”¨æœ¬åœ°æ¨¡å‹ï¼Œå·²è®¾ç½®ç¦»çº¿æ¨¡å¼...[0m
2025-07-04 08:53:21 - MangaOCRInterface - [33mWARNING[0m - [33mæ— æ³•ä¿®æ”¹transformersç½‘ç»œè¯·æ±‚å‡½æ•°: module 'transformers.utils' has no attribute 'http_get_request'[0m
2025-07-04 08:53:21 - MangaOCRInterface - [31mERROR[0m - [31mä½¿ç”¨æœ¬åœ°è·¯å¾„åŠ è½½æ¨¡å‹å¤±è´¥: Can't load image processor for 'C:\Users\Administrator\Desktop\shixi\project\Saber-Translator-main\src\interfaces\..\..\manga_ocr_model'. If you were trying to load it from 'https://huggingface.co/models', make sure you don't have a local directory with the same name. Otherwise, make sure 'C:\Users\Administrator\Desktop\shixi\project\Saber-Translator-main\src\interfaces\..\..\manga_ocr_model' is the correct path to a directory containing a preprocessor_config.json file[0m
2025-07-04 08:53:21 - MangaOCRInterface - [32mINFO[0m - [32må°è¯•ä½¿ç”¨é»˜è®¤è·¯å¾„åŠ è½½æ¨¡å‹...[0m
2025-07-04 08:53:21 - MangaOCRInterface - [31mERROR[0m - [31måˆå§‹åŒ– MangaOCR å®ä¾‹å¤±è´¥: We couldn't connect to 'https://huggingface.co' to load the files, and couldn't find them in the cached files.
Checkout your internet connection or see how to run the library in offline mode at 'https://huggingface.co/docs/transformers/installation#offline-mode'.[0m
Traceback (most recent call last):
  File "D:\Software\IDE\Anaconda\Lib\site-packages\transformers\utils\hub.py", line 470, in cached_files
    hf_hub_download(
  File "D:\Software\IDE\Anaconda\Lib\site-packages\huggingface_hub\utils\_validators.py", line 106, in _inner_fn
    validate_repo_id(arg_value)
  File "D:\Software\IDE\Anaconda\Lib\site-packages\huggingface_hub\utils\_validators.py", line 160, in validate_repo_id
    raise HFValidationError(
huggingface_hub.errors.HFValidationError: Repo id must use alphanumeric chars or '-', '_', '.', '--' and '..' are forbidden, '-' and '.' cannot start or end the name, max length is 96: 'C:\Users\Administrator\Desktop\shixi\project\Saber-Translator-main\src\interfaces\..\..\manga_ocr_model'.

During handling of the above exception, another exception occurred:

Traceback (most recent call last):
  File "D:\Software\IDE\Anaconda\Lib\site-packages\transformers\image_processing_base.py", line 340, in get_image_processor_dict
    resolved_image_processor_file = cached_file(
                                    ^^^^^^^^^^^^
  File "D:\Software\IDE\Anaconda\Lib\site-packages\transformers\utils\hub.py", line 312, in cached_file
    file = cached_files(path_or_repo_id=path_or_repo_id, filenames=[filename], **kwargs)
           ^^^^^^^^^^^^^^^^^^^^^^^^^^^^^^^^^^^^^^^^^^^^^^^^^^^^^^^^^^^^^^^^^^^^^^^^^^^^^
  File "D:\Software\IDE\Anaconda\Lib\site-packages\transformers\utils\hub.py", line 523, in cached_files
    _get_cache_file_to_return(path_or_repo_id, filename, cache_dir, revision) for filename in full_filenames
    ^^^^^^^^^^^^^^^^^^^^^^^^^^^^^^^^^^^^^^^^^^^^^^^^^^^^^^^^^^^^^^^^^^^^^^^^^
  File "D:\Software\IDE\Anaconda\Lib\site-packages\transformers\utils\hub.py", line 140, in _get_cache_file_to_return
    resolved_file = try_to_load_from_cache(path_or_repo_id, full_filename, cache_dir=cache_dir, revision=revision)
                    ^^^^^^^^^^^^^^^^^^^^^^^^^^^^^^^^^^^^^^^^^^^^^^^^^^^^^^^^^^^^^^^^^^^^^^^^^^^^^^^^^^^^^^^^^^^^^^
  File "D:\Software\IDE\Anaconda\Lib\site-packages\huggingface_hub\utils\_validators.py", line 106, in _inner_fn
    validate_repo_id(arg_value)
  File "D:\Software\IDE\Anaconda\Lib\site-packages\huggingface_hub\utils\_validators.py", line 160, in validate_repo_id
    raise HFValidationError(
huggingface_hub.errors.HFValidationError: Repo id must use alphanumeric chars or '-', '_', '.', '--' and '..' are forbidden, '-' and '.' cannot start or end the name, max length is 96: 'C:\Users\Administrator\Desktop\shixi\project\Saber-Translator-main\src\interfaces\..\..\manga_ocr_model'.

During handling of the above exception, another exception occurred:

Traceback (most recent call last):
  File "C:\Users\Administrator\Desktop\shixi\project\Saber-Translator-main\src\interfaces\manga_ocr_interface.py", line 99, in get_manga_ocr_instance
    _manga_ocr_instance = manga_ocr.MangaOcr(
                          ^^^^^^^^^^^^^^^^^^^
  File "D:\Software\IDE\Anaconda\Lib\site-packages\manga_ocr\ocr.py", line 17, in __init__
    self.processor = ViTImageProcessor.from_pretrained(pretrained_model_name_or_path)
                     ^^^^^^^^^^^^^^^^^^^^^^^^^^^^^^^^^^^^^^^^^^^^^^^^^^^^^^^^^^^^^^^^
  File "D:\Software\IDE\Anaconda\Lib\site-packages\transformers\image_processing_base.py", line 208, in from_pretrained
    image_processor_dict, kwargs = cls.get_image_processor_dict(pretrained_model_name_or_path, **kwargs)
                                   ^^^^^^^^^^^^^^^^^^^^^^^^^^^^^^^^^^^^^^^^^^^^^^^^^^^^^^^^^^^^^^^^^^^^^
  File "D:\Software\IDE\Anaconda\Lib\site-packages\transformers\image_processing_base.py", line 359, in get_image_processor_dict
    raise OSError(
OSError: Can't load image processor for 'C:\Users\Administrator\Desktop\shixi\project\Saber-Translator-main\src\interfaces\..\..\manga_ocr_model'. If you were trying to load it from 'https://huggingface.co/models', make sure you don't have a local directory with the same name. Otherwise, make sure 'C:\Users\Administrator\Desktop\shixi\project\Saber-Translator-main\src\interfaces\..\..\manga_ocr_model' is the correct path to a directory containing a preprocessor_config.json file

During handling of the above exception, another exception occurred:

Traceback (most recent call last):
  File "D:\Software\IDE\Anaconda\Lib\site-packages\transformers\utils\hub.py", line 470, in cached_files
    hf_hub_download(
  File "D:\Software\IDE\Anaconda\Lib\site-packages\huggingface_hub\utils\_validators.py", line 114, in _inner_fn
    return fn(*args, **kwargs)
           ^^^^^^^^^^^^^^^^^^^
  File "D:\Software\IDE\Anaconda\Lib\site-packages\huggingface_hub\file_download.py", line 961, in hf_hub_download
    return _hf_hub_download_to_cache_dir(
           ^^^^^^^^^^^^^^^^^^^^^^^^^^^^^^
  File "D:\Software\IDE\Anaconda\Lib\site-packages\huggingface_hub\file_download.py", line 1068, in _hf_hub_download_to_cache_dir
    _raise_on_head_call_error(head_call_error, force_download, local_files_only)
  File "D:\Software\IDE\Anaconda\Lib\site-packages\huggingface_hub\file_download.py", line 1587, in _raise_on_head_call_error
    raise LocalEntryNotFoundError(
huggingface_hub.errors.LocalEntryNotFoundError: Cannot find the requested files in the disk cache and outgoing traffic has been disabled. To enable hf.co look-ups and downloads online, set 'local_files_only' to False.

The above exception was the direct cause of the following exception:

Traceback (most recent call last):
  File "C:\Users\Administrator\Desktop\shixi\project\Saber-Translator-main\src\interfaces\manga_ocr_interface.py", line 109, in get_manga_ocr_instance
    _manga_ocr_instance = manga_ocr.MangaOcr(force_cpu=force_cpu)
                          ^^^^^^^^^^^^^^^^^^^^^^^^^^^^^^^^^^^^^^^
  File "D:\Software\IDE\Anaconda\Lib\site-packages\manga_ocr\ocr.py", line 17, in __init__
    self.processor = ViTImageProcessor.from_pretrained(pretrained_model_name_or_path)
                     ^^^^^^^^^^^^^^^^^^^^^^^^^^^^^^^^^^^^^^^^^^^^^^^^^^^^^^^^^^^^^^^^
  File "D:\Software\IDE\Anaconda\Lib\site-packages\transformers\image_processing_base.py", line 208, in from_pretrained
    image_processor_dict, kwargs = cls.get_image_processor_dict(pretrained_model_name_or_path, **kwargs)
                                   ^^^^^^^^^^^^^^^^^^^^^^^^^^^^^^^^^^^^^^^^^^^^^^^^^^^^^^^^^^^^^^^^^^^^^
  File "D:\Software\IDE\Anaconda\Lib\site-packages\transformers\image_processing_base.py", line 340, in get_image_processor_dict
    resolved_image_processor_file = cached_file(
                                    ^^^^^^^^^^^^
  File "D:\Software\IDE\Anaconda\Lib\site-packages\transformers\utils\hub.py", line 312, in cached_file
    file = cached_files(path_or_repo_id=path_or_repo_id, filenames=[filename], **kwargs)
           ^^^^^^^^^^^^^^^^^^^^^^^^^^^^^^^^^^^^^^^^^^^^^^^^^^^^^^^^^^^^^^^^^^^^^^^^^^^^^
  File "D:\Software\IDE\Anaconda\Lib\site-packages\transformers\utils\hub.py", line 543, in cached_files
    raise OSError(
OSError: We couldn't connect to 'https://huggingface.co' to load the files, and couldn't find them in the cached files.
Checkout your internet connection or see how to run the library in offline mode at 'https://huggingface.co/docs/transformers/installation#offline-mode'.
2025-07-04 08:53:21 - CoreOCR - [31mERROR[0m - [31mæ— æ³•åˆå§‹åŒ– MangaOCRï¼ŒOCR æ­¥éª¤è·³è¿‡ã€‚[0m
2025-07-04 08:53:21 - CoreProcessing - [32mINFO[0m - [32mOCR å®Œæˆ (è€—æ—¶: 0.03s)[0m
2025-07-04 08:53:21 - CoreProcessing - [32mINFO[0m - [32mBEFORE_TRANSLATION é’©å­ä¿®æ”¹äº†æ–‡æœ¬æˆ–å‚æ•°ã€‚[0m
2025-07-04 08:53:21 - CoreProcessing - [32mINFO[0m - [32mæ­¥éª¤ 3: ç¿»è¯‘æ–‡æœ¬...[0m
2025-07-04 08:53:21 - CoreProcessing - [32mINFO[0m - [32mç¿»è¯‘æ¨¡å‹: deepseek, æ¨¡å‹åç§°: deepseek-chat[0m
2025-07-04 08:53:21 - CoreProcessing - [32mINFO[0m - [32må¾…ç¿»è¯‘æ–‡æœ¬æ•°é‡: 8[0m
2025-07-04 08:53:21 - CoreProcessing - [32mINFO[0m - [32mè°ƒç”¨ translate_text_list å¼€å§‹ - æ¨¡å‹: deepseek, æ¨¡å‹å: deepseek-chat, APIå¯†é’¥é•¿åº¦: 35, è‡ªå®šä¹‰BaseURL: æ— [0m
2025-07-04 08:53:21 - CoreTranslation - [32mINFO[0m - [32må¼€å§‹æ‰¹é‡ç¿»è¯‘ 8 ä¸ªæ–‡æœ¬ç‰‡æ®µ (ä½¿ç”¨ deepseek, rpm: æ— )...[0m
2025-07-04 08:53:21 - CoreTranslation - [32mINFO[0m - [32mæ‰¹é‡ç¿»è¯‘å®Œæˆã€‚[0m
2025-07-04 08:53:21 - CoreProcessing - [32mINFO[0m - [32mtranslate_text_list è°ƒç”¨å®Œæˆï¼Œè¿”å›ç»“æœæ•°é‡: 8[0m
2025-07-04 08:53:21 - CoreProcessing - [32mINFO[0m - [32mç¿»è¯‘ç»“æœ:[0m
2025-07-04 08:53:21 - CoreProcessing - [32mINFO[0m - [32mç¿»è¯‘å®Œæˆ (è€—æ—¶: 0.00s)[0m
2025-07-04 08:53:21 - CoreProcessing - [32mINFO[0m - [32mAFTER_TRANSLATION é’©å­ä¿®æ”¹äº†ç¿»è¯‘ç»“æœã€‚[0m
2025-07-04 08:53:21 - CoreProcessing - [32mINFO[0m - [32mæ­¥éª¤ 4: ä¿®å¤/å¡«å……èƒŒæ™¯ (æ–¹æ³•: solid)...[0m
2025-07-04 08:53:21 - CoreInpainting - [32mINFO[0m - [32måˆ›å»ºæ°”æ³¡æ©ç ï¼Œå›¾åƒå¤§å°ï¼š(2200, 1700, 3), æ°”æ³¡æ•°é‡ï¼š8[0m
2025-07-04 08:53:21 - PathHelpers - [32mINFO[0m - [32må¼€å‘ç¯å¢ƒä¸­ï¼Œé¡¹ç›®æ ¹ç›®å½•: C:\Users\Administrator\Desktop\shixi\project\Saber-Translator-main[0m
2025-07-04 08:53:21 - CoreInpainting - [32mINFO[0m - [32mæ‰§è¡Œçº¯è‰²å¡«å……ï¼Œé¢œè‰²: #8BB8E0FF[0m
2025-07-04 08:53:21 - CoreInpainting - [32mINFO[0m - [32mçº¯è‰²å¡«å……å®Œæˆï¼Œå·²ç”Ÿæˆå¯¹åº”çš„'å¹²å‡€'èƒŒæ™¯ã€‚[0m
2025-07-04 08:53:21 - PathHelpers - [32mINFO[0m - [32må¼€å‘ç¯å¢ƒä¸­ï¼Œé¡¹ç›®æ ¹ç›®å½•: C:\Users\Administrator\Desktop\shixi\project\Saber-Translator-main[0m
2025-07-04 08:53:22 - CoreProcessing - [32mINFO[0m - [32mèƒŒæ™¯å¤„ç†å®Œæˆ (è€—æ—¶: 0.62s)[0m
2025-07-04 08:53:22 - CoreProcessing - [32mINFO[0m - [32mAFTER_INPAINTING é’©å­ä¿®æ”¹äº†å›¾åƒã€‚[0m
2025-07-04 08:53:22 - CoreProcessing - [32mINFO[0m - [32mBEFORE_RENDERING é’©å­ä¿®æ”¹äº†æ¸²æŸ“å‚æ•°ã€‚[0m
2025-07-04 08:53:22 - CoreProcessing - [32mINFO[0m - [32mæ­¥éª¤ 5: æ¸²æŸ“ç¿»è¯‘æ–‡æœ¬...[0m
2025-07-04 08:53:22 - CoreRendering - [32mINFO[0m - [32må¼€å§‹æ¸²æŸ“ 8 ä¸ªæ°”æ³¡çš„æ–‡æœ¬...[0m
2025-07-04 08:53:22 - CoreRendering - [32mINFO[0m - [32mæ‰€æœ‰æ°”æ³¡æ–‡æœ¬æ¸²æŸ“å®Œæˆã€‚[0m
2025-07-04 08:53:22 - CoreProcessing - [32mINFO[0m - [32mæ–‡æœ¬æ¸²æŸ“å®Œæˆ (è€—æ—¶: 0.00s)[0m
2025-07-04 08:53:22 - CoreProcessing - [32mINFO[0m - [32mAFTER_PROCESSING é’©å­ä¿®æ”¹äº†æœ€ç»ˆç»“æœã€‚[0m
2025-07-04 08:53:22 - CoreProcessing - [32mINFO[0m - [32må›¾åƒç¿»è¯‘æµç¨‹å®Œæˆï¼Œæ€»è€—æ—¶: 0.98s[0m
2025-07-04 08:53:22 - TranslateAPI - [32mINFO[0m - [32mè¿”å›å‚æ•° keys: ['translated_image', 'clean_image', 'original_texts', 'bubble_texts', 'textbox_texts', 'bubble_coords'][0m
2025-07-04 08:54:40 - comic_translator - [32mINFO[0m - [32m==============================[0m
2025-07-04 08:54:40 - comic_translator - [32mINFO[0m - [32mæ¼«ç”»ç¿»è¯‘å™¨å¯åŠ¨[0m
2025-07-04 08:54:40 - comic_translator - [32mINFO[0m - [32m==============================[0m
2025-07-04 08:54:40 - comic_translator - [32mINFO[0m - [32mç³»ç»Ÿä¿¡æ¯: Windows-11-10.0.22000-SP0[0m
2025-07-04 08:54:40 - comic_translator - [32mINFO[0m - [32mPythonç‰ˆæœ¬: 3.12.4[0m
2025-07-04 08:54:40 - comic_translator - [32mINFO[0m - [32må·²æ‰‹åŠ¨æ·»åŠ  '.js' çš„ MIME ç±»å‹ä¸º 'text/javascript'[0m
2025-07-04 08:54:40 - PluginManager - [32mINFO[0m - [32måˆ›å»ºæ’ä»¶ç®¡ç†å™¨å®ä¾‹...[0m
2025-07-04 08:54:40 - PathHelpers - [32mINFO[0m - [32må¼€å‘ç¯å¢ƒä¸­ï¼Œé¡¹ç›®æ ¹ç›®å½•: C:\Users\Administrator\Desktop\shixi\project\Saber-Translator-main[0m
2025-07-04 08:54:40 - PathHelpers - [32mINFO[0m - [32må¼€å‘ç¯å¢ƒä¸­ï¼Œé¡¹ç›®æ ¹ç›®å½•: C:\Users\Administrator\Desktop\shixi\project\Saber-Translator-main[0m
2025-07-04 08:54:40 - PathHelpers - [32mINFO[0m - [32må¼€å‘ç¯å¢ƒä¸­ï¼Œé¡¹ç›®æ ¹ç›®å½•: C:\Users\Administrator\Desktop\shixi\project\Saber-Translator-main[0m
2025-07-04 08:54:40 - ConfigLoader - [32mINFO[0m - [32mæˆåŠŸåŠ è½½ JSON é…ç½®æ–‡ä»¶: C:\Users\Administrator\Desktop\shixi\project\Saber-Translator-main\config\plugin_default_states.json[0m
2025-07-04 08:54:40 - PluginManager - [32mINFO[0m - [32må·²åŠ è½½æ’ä»¶é»˜è®¤å¯ç”¨çŠ¶æ€: {'ç¤ºä¾‹æ’ä»¶': False, 'æ–‡æœ¬è£…é¥°å™¨': False}[0m
2025-07-04 08:54:40 - PluginManager - [32mINFO[0m - [32mæ’ä»¶ç®¡ç†å™¨åˆå§‹åŒ–ï¼Œæ‰«æç›®å½•: ['C:\\Users\\Administrator\\Desktop\\shixi\\project\\Saber-Translator-main\\src/plugins', 'C:\\Users\\Administrator\\Desktop\\shixi\\project\\Saber-Translator-main\\plugins'][0m
2025-07-04 08:54:40 - PluginManager - [32mINFO[0m - [32må¼€å§‹å‘ç°å’ŒåŠ è½½æ’ä»¶...[0m
2025-07-04 08:54:40 - PluginManager - [32mINFO[0m - [32mæ‰«ææ’ä»¶ç›®å½•: C:\Users\Administrator\Desktop\shixi\project\Saber-Translator-main\src/plugins[0m
2025-07-04 08:54:40 - PluginManager - [32mINFO[0m - [32mæ‰«ææ’ä»¶ç›®å½•: C:\Users\Administrator\Desktop\shixi\project\Saber-Translator-main\plugins[0m
2025-07-04 08:54:40 - PluginManager - [32mINFO[0m - [32må‘ç°æ’ä»¶ç±»: ExamplePlugin in example_plugin[0m
2025-07-04 08:54:40 - Plugin.ç¤ºä¾‹æ’ä»¶ - [32mINFO[0m - [32mç¤ºä¾‹æ’ä»¶æ­£åœ¨è®¾ç½®...[0m
2025-07-04 08:54:40 - Plugin.ç¤ºä¾‹æ’ä»¶ - [32mINFO[0m - [32mæ’ä»¶ 'ç¤ºä¾‹æ’ä»¶' é…ç½®å·²åŠ è½½: {}[0m
2025-07-04 08:54:40 - PluginManager - [32mINFO[0m - [32mæ’ä»¶ 'ç¤ºä¾‹æ’ä»¶' åŠ è½½ã€é…ç½®å¹¶è®¾ç½®æˆåŠŸã€‚[0m
2025-07-04 08:54:40 - PluginManager - [32mINFO[0m - [32må‘ç°æ’ä»¶ç±»: TextAffixerPlugin in text_affixer[0m
2025-07-04 08:54:40 - Plugin.æ–‡æœ¬è£…é¥°å™¨ - [32mINFO[0m - [32m'æ–‡æœ¬è£…é¥°å™¨' æ’ä»¶å·²åŠ è½½å¹¶è®¾ç½®ã€‚[0m
2025-07-04 08:54:40 - Plugin.æ–‡æœ¬è£…é¥°å™¨ - [32mINFO[0m - [32mæ’ä»¶ 'æ–‡æœ¬è£…é¥°å™¨' é…ç½®å·²åŠ è½½: {'text_prefix': '', 'text_suffix': '', 'apply_to_textbox': False}[0m
2025-07-04 08:54:40 - PluginManager - [32mINFO[0m - [32mæ’ä»¶ 'æ–‡æœ¬è£…é¥°å™¨' åŠ è½½ã€é…ç½®å¹¶è®¾ç½®æˆåŠŸã€‚[0m
2025-07-04 08:54:40 - PluginManager - [32mINFO[0m - [32mæ’ä»¶åŠ è½½å®Œæˆï¼Œå…±åŠ è½½ 2 ä¸ªæ’ä»¶ã€‚[0m
2025-07-04 08:54:40 - PluginManager - [32mINFO[0m - [32mæ ¹æ®ç”¨æˆ·è®¾ç½®å¯ç”¨æ’ä»¶...[0m
2025-07-04 08:54:40 - PluginManager - [32mINFO[0m - [32må…±å¯ç”¨ 0 ä¸ªæ’ä»¶ï¼ˆæ ¹æ®ç”¨æˆ·è®¾ç½®ï¼‰ã€‚[0m
2025-07-04 08:54:40 - comic_translator - [32mINFO[0m - [32mæ’ä»¶ç®¡ç†å™¨åˆå§‹åŒ–å®Œæˆã€‚[0m
2025-07-04 08:54:47 - PathHelpers - [32mINFO[0m - [32må¼€å‘ç¯å¢ƒä¸­ï¼Œé¡¹ç›®æ ¹ç›®å½•: C:\Users\Administrator\Desktop\shixi\project\Saber-Translator-main[0m
2025-07-04 08:54:47 - LAMAInterface - [33mWARNING[0m - [33mæœªæ‰¾åˆ° sd-webui-cleaner ç›®å½•: C:\Users\Administrator\Desktop\shixi\project\Saber-Translator-main\sd-webui-cleanerï¼ŒLAMA åŠŸèƒ½ä¸å¯ç”¨ã€‚[0m
2025-07-04 08:54:47 - comic_translator - [32mINFO[0m - [32mè“å›¾æ³¨å†ŒæˆåŠŸ[0m
2025-07-04 08:54:47 - PathHelpers - [32mINFO[0m - [32må¼€å‘ç¯å¢ƒä¸­ï¼Œé¡¹ç›®æ ¹ç›®å½•: C:\Users\Administrator\Desktop\shixi\project\Saber-Translator-main[0m
2025-07-04 08:54:47 - PathHelpers - [32mINFO[0m - [32må¼€å‘ç¯å¢ƒä¸­ï¼Œé¡¹ç›®æ ¹ç›®å½•: C:\Users\Administrator\Desktop\shixi\project\Saber-Translator-main[0m
2025-07-04 08:54:47 - SystemAPI - [32mINFO[0m - [32mæœåŠ¡ç›‘æ§çº¿ç¨‹å·²å¯åŠ¨[0m
2025-07-04 08:54:47 - sakura_service_checker - [32mINFO[0m - [32må¯åŠ¨SakuraæœåŠ¡ç›‘æ§çº¿ç¨‹[0m
2025-07-04 08:54:47 - comic_translator - [32mINFO[0m - [32mæœåŠ¡ç›‘æ§çº¿ç¨‹å·²å¯åŠ¨[0m
2025-07-04 08:54:47 - MangaOCRInterface - [32mINFO[0m - [32måœ¨åå°çº¿ç¨‹ä¸­é¢„åŠ è½½ MangaOCR æ¨¡å‹...[0m
2025-07-04 08:54:47 - MangaOCRInterface - [32mINFO[0m - [32må·²æé«˜é¢„åŠ è½½çº¿ç¨‹ä¼˜å…ˆçº§[0m
2025-07-04 08:54:47 - MangaOCRInterface - [32mINFO[0m - [32må¼€å§‹åˆå§‹åŒ– MangaOCR å®ä¾‹ï¼Œå¦‚æœé¦–æ¬¡ä½¿ç”¨å¯èƒ½ä¼šè‡ªåŠ¨ä¸‹è½½æ¨¡å‹æ–‡ä»¶ã€‚[0m
2025-07-04 08:54:47 - MangaOCRInterface - [32mINFO[0m - [32må·²å¯åŠ¨ MangaOCR æ¨¡å‹é¢„åŠ è½½çº¿ç¨‹ã€‚[0m
2025-07-04 08:54:47 - MangaOCRInterface - [32mINFO[0m - [32mæœªæ£€æµ‹åˆ°GPUï¼Œå°†ä½¿ç”¨CPUè¿è¡Œ[0m
2025-07-04 08:54:47 - comic_translator - [32mINFO[0m - [32må·²å¯åŠ¨ MangaOCR æ¨¡å‹é¢„åŠ è½½çº¿ç¨‹[0m
2025-07-04 08:54:47 - MangaOCRInterface - [32mINFO[0m - [32mä¼˜å…ˆä½¿ç”¨æœ¬åœ°æ¨¡å‹ï¼Œå·²è®¾ç½®ç¦»çº¿æ¨¡å¼...[0m
2025-07-04 08:54:47 - comic_translator - [32mINFO[0m - [32mç¨‹åºæ­£åœ¨è¿è¡Œï¼Œè¯·åœ¨æµè§ˆå™¨ä¸­è®¿é—® http://127.0.0.1:5000/[0m
2025-07-04 08:54:47 - MangaOCRInterface - [33mWARNING[0m - [33mæ— æ³•ä¿®æ”¹transformersç½‘ç»œè¯·æ±‚å‡½æ•°: module 'transformers.utils' has no attribute 'http_get_request'[0m
2025-07-04 08:54:47 - MangaOCRInterface - [31mERROR[0m - [31mä½¿ç”¨æœ¬åœ°è·¯å¾„åŠ è½½æ¨¡å‹å¤±è´¥: Can't load image processor for 'C:\Users\Administrator\Desktop\shixi\project\Saber-Translator-main\src\interfaces\..\..\manga_ocr_model'. If you were trying to load it from 'https://huggingface.co/models', make sure you don't have a local directory with the same name. Otherwise, make sure 'C:\Users\Administrator\Desktop\shixi\project\Saber-Translator-main\src\interfaces\..\..\manga_ocr_model' is the correct path to a directory containing a preprocessor_config.json file[0m
2025-07-04 08:54:47 - MangaOCRInterface - [32mINFO[0m - [32må°è¯•ä½¿ç”¨é»˜è®¤è·¯å¾„åŠ è½½æ¨¡å‹...[0m
2025-07-04 08:55:00 - comic_translator - [32mINFO[0m - [32m==============================[0m
2025-07-04 08:55:00 - comic_translator - [32mINFO[0m - [32mæ¼«ç”»ç¿»è¯‘å™¨å¯åŠ¨[0m
2025-07-04 08:55:00 - comic_translator - [32mINFO[0m - [32m==============================[0m
2025-07-04 08:55:00 - comic_translator - [32mINFO[0m - [32mç³»ç»Ÿä¿¡æ¯: Windows-11-10.0.22000-SP0[0m
2025-07-04 08:55:00 - comic_translator - [32mINFO[0m - [32mPythonç‰ˆæœ¬: 3.12.4[0m
2025-07-04 08:55:00 - comic_translator - [32mINFO[0m - [32må·²æ‰‹åŠ¨æ·»åŠ  '.js' çš„ MIME ç±»å‹ä¸º 'text/javascript'[0m
2025-07-04 08:55:00 - PluginManager - [32mINFO[0m - [32måˆ›å»ºæ’ä»¶ç®¡ç†å™¨å®ä¾‹...[0m
2025-07-04 08:55:00 - PathHelpers - [32mINFO[0m - [32må¼€å‘ç¯å¢ƒä¸­ï¼Œé¡¹ç›®æ ¹ç›®å½•: C:\Users\Administrator\Desktop\shixi\project\Saber-Translator-main[0m
2025-07-04 08:55:00 - PathHelpers - [32mINFO[0m - [32må¼€å‘ç¯å¢ƒä¸­ï¼Œé¡¹ç›®æ ¹ç›®å½•: C:\Users\Administrator\Desktop\shixi\project\Saber-Translator-main[0m
2025-07-04 08:55:00 - PathHelpers - [32mINFO[0m - [32må¼€å‘ç¯å¢ƒä¸­ï¼Œé¡¹ç›®æ ¹ç›®å½•: C:\Users\Administrator\Desktop\shixi\project\Saber-Translator-main[0m
2025-07-04 08:55:00 - ConfigLoader - [32mINFO[0m - [32mæˆåŠŸåŠ è½½ JSON é…ç½®æ–‡ä»¶: C:\Users\Administrator\Desktop\shixi\project\Saber-Translator-main\config\plugin_default_states.json[0m
2025-07-04 08:55:00 - PluginManager - [32mINFO[0m - [32må·²åŠ è½½æ’ä»¶é»˜è®¤å¯ç”¨çŠ¶æ€: {'ç¤ºä¾‹æ’ä»¶': False, 'æ–‡æœ¬è£…é¥°å™¨': False}[0m
2025-07-04 08:55:00 - PluginManager - [32mINFO[0m - [32mæ’ä»¶ç®¡ç†å™¨åˆå§‹åŒ–ï¼Œæ‰«æç›®å½•: ['C:\\Users\\Administrator\\Desktop\\shixi\\project\\Saber-Translator-main\\src/plugins', 'C:\\Users\\Administrator\\Desktop\\shixi\\project\\Saber-Translator-main\\plugins'][0m
2025-07-04 08:55:01 - PluginManager - [32mINFO[0m - [32må¼€å§‹å‘ç°å’ŒåŠ è½½æ’ä»¶...[0m
2025-07-04 08:55:01 - PluginManager - [32mINFO[0m - [32mæ‰«ææ’ä»¶ç›®å½•: C:\Users\Administrator\Desktop\shixi\project\Saber-Translator-main\src/plugins[0m
2025-07-04 08:55:01 - PluginManager - [32mINFO[0m - [32mæ‰«ææ’ä»¶ç›®å½•: C:\Users\Administrator\Desktop\shixi\project\Saber-Translator-main\plugins[0m
2025-07-04 08:55:01 - PluginManager - [32mINFO[0m - [32må‘ç°æ’ä»¶ç±»: ExamplePlugin in example_plugin[0m
2025-07-04 08:55:01 - Plugin.ç¤ºä¾‹æ’ä»¶ - [32mINFO[0m - [32mç¤ºä¾‹æ’ä»¶æ­£åœ¨è®¾ç½®...[0m
2025-07-04 08:55:01 - Plugin.ç¤ºä¾‹æ’ä»¶ - [32mINFO[0m - [32mæ’ä»¶ 'ç¤ºä¾‹æ’ä»¶' é…ç½®å·²åŠ è½½: {}[0m
2025-07-04 08:55:01 - PluginManager - [32mINFO[0m - [32mæ’ä»¶ 'ç¤ºä¾‹æ’ä»¶' åŠ è½½ã€é…ç½®å¹¶è®¾ç½®æˆåŠŸã€‚[0m
2025-07-04 08:55:01 - PluginManager - [32mINFO[0m - [32må‘ç°æ’ä»¶ç±»: TextAffixerPlugin in text_affixer[0m
2025-07-04 08:55:01 - Plugin.æ–‡æœ¬è£…é¥°å™¨ - [32mINFO[0m - [32m'æ–‡æœ¬è£…é¥°å™¨' æ’ä»¶å·²åŠ è½½å¹¶è®¾ç½®ã€‚[0m
2025-07-04 08:55:01 - Plugin.æ–‡æœ¬è£…é¥°å™¨ - [32mINFO[0m - [32mæ’ä»¶ 'æ–‡æœ¬è£…é¥°å™¨' é…ç½®å·²åŠ è½½: {'text_prefix': '', 'text_suffix': '', 'apply_to_textbox': False}[0m
2025-07-04 08:55:01 - PluginManager - [32mINFO[0m - [32mæ’ä»¶ 'æ–‡æœ¬è£…é¥°å™¨' åŠ è½½ã€é…ç½®å¹¶è®¾ç½®æˆåŠŸã€‚[0m
2025-07-04 08:55:01 - PluginManager - [32mINFO[0m - [32mæ’ä»¶åŠ è½½å®Œæˆï¼Œå…±åŠ è½½ 2 ä¸ªæ’ä»¶ã€‚[0m
2025-07-04 08:55:01 - PluginManager - [32mINFO[0m - [32mæ ¹æ®ç”¨æˆ·è®¾ç½®å¯ç”¨æ’ä»¶...[0m
2025-07-04 08:55:01 - PluginManager - [32mINFO[0m - [32må…±å¯ç”¨ 0 ä¸ªæ’ä»¶ï¼ˆæ ¹æ®ç”¨æˆ·è®¾ç½®ï¼‰ã€‚[0m
2025-07-04 08:55:01 - comic_translator - [32mINFO[0m - [32mæ’ä»¶ç®¡ç†å™¨åˆå§‹åŒ–å®Œæˆã€‚[0m
2025-07-04 08:55:05 - MangaOCRInterface - [32mINFO[0m - [32mMangaOCR å®ä¾‹åˆå§‹åŒ–æˆåŠŸ(ä½¿ç”¨é»˜è®¤è·¯å¾„)ã€‚è€—æ—¶: 17.99 ç§’[0m
2025-07-04 08:55:05 - MangaOCRInterface - [32mINFO[0m - [32mâœ… MangaOCR æ¨¡å‹é¢„åŠ è½½æˆåŠŸï¼Œå¯ä»¥ç«‹å³ä½¿ç”¨ã€‚[0m
2025-07-04 08:55:05 - PathHelpers - [32mINFO[0m - [32må¼€å‘ç¯å¢ƒä¸­ï¼Œé¡¹ç›®æ ¹ç›®å½•: C:\Users\Administrator\Desktop\shixi\project\Saber-Translator-main[0m
2025-07-04 08:55:05 - LAMAInterface - [33mWARNING[0m - [33mæœªæ‰¾åˆ° sd-webui-cleaner ç›®å½•: C:\Users\Administrator\Desktop\shixi\project\Saber-Translator-main\sd-webui-cleanerï¼ŒLAMA åŠŸèƒ½ä¸å¯ç”¨ã€‚[0m
2025-07-04 08:55:05 - comic_translator - [32mINFO[0m - [32mè“å›¾æ³¨å†ŒæˆåŠŸ[0m
2025-07-04 08:55:05 - PathHelpers - [32mINFO[0m - [32må¼€å‘ç¯å¢ƒä¸­ï¼Œé¡¹ç›®æ ¹ç›®å½•: C:\Users\Administrator\Desktop\shixi\project\Saber-Translator-main[0m
2025-07-04 08:55:05 - PathHelpers - [32mINFO[0m - [32må¼€å‘ç¯å¢ƒä¸­ï¼Œé¡¹ç›®æ ¹ç›®å½•: C:\Users\Administrator\Desktop\shixi\project\Saber-Translator-main[0m
2025-07-04 08:55:05 - SystemAPI - [32mINFO[0m - [32mæœåŠ¡ç›‘æ§çº¿ç¨‹å·²å¯åŠ¨[0m
2025-07-04 08:55:05 - comic_translator - [32mINFO[0m - [32mæœåŠ¡ç›‘æ§çº¿ç¨‹å·²å¯åŠ¨[0m
2025-07-04 08:55:05 - sakura_service_checker - [32mINFO[0m - [32må¯åŠ¨SakuraæœåŠ¡ç›‘æ§çº¿ç¨‹[0m
2025-07-04 08:55:05 - MangaOCRInterface - [32mINFO[0m - [32måœ¨åå°çº¿ç¨‹ä¸­é¢„åŠ è½½ MangaOCR æ¨¡å‹...[0m
2025-07-04 08:55:05 - MangaOCRInterface - [32mINFO[0m - [32må·²æé«˜é¢„åŠ è½½çº¿ç¨‹ä¼˜å…ˆçº§[0m
2025-07-04 08:55:05 - MangaOCRInterface - [32mINFO[0m - [32må¼€å§‹åˆå§‹åŒ– MangaOCR å®ä¾‹ï¼Œå¦‚æœé¦–æ¬¡ä½¿ç”¨å¯èƒ½ä¼šè‡ªåŠ¨ä¸‹è½½æ¨¡å‹æ–‡ä»¶ã€‚[0m
2025-07-04 08:55:05 - MangaOCRInterface - [32mINFO[0m - [32må·²å¯åŠ¨ MangaOCR æ¨¡å‹é¢„åŠ è½½çº¿ç¨‹ã€‚[0m
2025-07-04 08:55:05 - MangaOCRInterface - [32mINFO[0m - [32mæœªæ£€æµ‹åˆ°GPUï¼Œå°†ä½¿ç”¨CPUè¿è¡Œ[0m
2025-07-04 08:55:05 - comic_translator - [32mINFO[0m - [32må·²å¯åŠ¨ MangaOCR æ¨¡å‹é¢„åŠ è½½çº¿ç¨‹[0m
2025-07-04 08:55:05 - MangaOCRInterface - [32mINFO[0m - [32mä¼˜å…ˆä½¿ç”¨æœ¬åœ°æ¨¡å‹ï¼Œå·²è®¾ç½®ç¦»çº¿æ¨¡å¼...[0m
2025-07-04 08:55:05 - comic_translator - [32mINFO[0m - [32mç¨‹åºæ­£åœ¨è¿è¡Œï¼Œè¯·åœ¨æµè§ˆå™¨ä¸­è®¿é—® http://127.0.0.1:5000/[0m
2025-07-04 08:55:05 - MangaOCRInterface - [33mWARNING[0m - [33mæ— æ³•ä¿®æ”¹transformersç½‘ç»œè¯·æ±‚å‡½æ•°: module 'transformers.utils' has no attribute 'http_get_request'[0m
2025-07-04 08:55:05 - MangaOCRInterface - [31mERROR[0m - [31mä½¿ç”¨æœ¬åœ°è·¯å¾„åŠ è½½æ¨¡å‹å¤±è´¥: Can't load image processor for 'C:\Users\Administrator\Desktop\shixi\project\Saber-Translator-main\src\interfaces\..\..\manga_ocr_model'. If you were trying to load it from 'https://huggingface.co/models', make sure you don't have a local directory with the same name. Otherwise, make sure 'C:\Users\Administrator\Desktop\shixi\project\Saber-Translator-main\src\interfaces\..\..\manga_ocr_model' is the correct path to a directory containing a preprocessor_config.json file[0m
2025-07-04 08:55:05 - MangaOCRInterface - [32mINFO[0m - [32må°è¯•ä½¿ç”¨é»˜è®¤è·¯å¾„åŠ è½½æ¨¡å‹...[0m
2025-07-04 08:55:05 - MangaOCRInterface - [31mERROR[0m - [31måˆå§‹åŒ– MangaOCR å®ä¾‹å¤±è´¥: We couldn't connect to 'https://huggingface.co' to load the files, and couldn't find them in the cached files.
Checkout your internet connection or see how to run the library in offline mode at 'https://huggingface.co/docs/transformers/installation#offline-mode'.[0m
Traceback (most recent call last):
  File "D:\Software\IDE\Anaconda\Lib\site-packages\transformers\utils\hub.py", line 470, in cached_files
    hf_hub_download(
  File "D:\Software\IDE\Anaconda\Lib\site-packages\huggingface_hub\utils\_validators.py", line 106, in _inner_fn
    validate_repo_id(arg_value)
  File "D:\Software\IDE\Anaconda\Lib\site-packages\huggingface_hub\utils\_validators.py", line 160, in validate_repo_id
    raise HFValidationError(
huggingface_hub.errors.HFValidationError: Repo id must use alphanumeric chars or '-', '_', '.', '--' and '..' are forbidden, '-' and '.' cannot start or end the name, max length is 96: 'C:\Users\Administrator\Desktop\shixi\project\Saber-Translator-main\src\interfaces\..\..\manga_ocr_model'.

During handling of the above exception, another exception occurred:

Traceback (most recent call last):
  File "D:\Software\IDE\Anaconda\Lib\site-packages\transformers\image_processing_base.py", line 340, in get_image_processor_dict
    resolved_image_processor_file = cached_file(
                                    ^^^^^^^^^^^^
  File "D:\Software\IDE\Anaconda\Lib\site-packages\transformers\utils\hub.py", line 312, in cached_file
    file = cached_files(path_or_repo_id=path_or_repo_id, filenames=[filename], **kwargs)
           ^^^^^^^^^^^^^^^^^^^^^^^^^^^^^^^^^^^^^^^^^^^^^^^^^^^^^^^^^^^^^^^^^^^^^^^^^^^^^
  File "D:\Software\IDE\Anaconda\Lib\site-packages\transformers\utils\hub.py", line 523, in cached_files
    _get_cache_file_to_return(path_or_repo_id, filename, cache_dir, revision) for filename in full_filenames
    ^^^^^^^^^^^^^^^^^^^^^^^^^^^^^^^^^^^^^^^^^^^^^^^^^^^^^^^^^^^^^^^^^^^^^^^^^
  File "D:\Software\IDE\Anaconda\Lib\site-packages\transformers\utils\hub.py", line 140, in _get_cache_file_to_return
    resolved_file = try_to_load_from_cache(path_or_repo_id, full_filename, cache_dir=cache_dir, revision=revision)
                    ^^^^^^^^^^^^^^^^^^^^^^^^^^^^^^^^^^^^^^^^^^^^^^^^^^^^^^^^^^^^^^^^^^^^^^^^^^^^^^^^^^^^^^^^^^^^^^
  File "D:\Software\IDE\Anaconda\Lib\site-packages\huggingface_hub\utils\_validators.py", line 106, in _inner_fn
    validate_repo_id(arg_value)
  File "D:\Software\IDE\Anaconda\Lib\site-packages\huggingface_hub\utils\_validators.py", line 160, in validate_repo_id
    raise HFValidationError(
huggingface_hub.errors.HFValidationError: Repo id must use alphanumeric chars or '-', '_', '.', '--' and '..' are forbidden, '-' and '.' cannot start or end the name, max length is 96: 'C:\Users\Administrator\Desktop\shixi\project\Saber-Translator-main\src\interfaces\..\..\manga_ocr_model'.

During handling of the above exception, another exception occurred:

Traceback (most recent call last):
  File "C:\Users\Administrator\Desktop\shixi\project\Saber-Translator-main\src\interfaces\manga_ocr_interface.py", line 99, in get_manga_ocr_instance
    _manga_ocr_instance = manga_ocr.MangaOcr(
                          ^^^^^^^^^^^^^^^^^^^
  File "D:\Software\IDE\Anaconda\Lib\site-packages\manga_ocr\ocr.py", line 17, in __init__
    self.processor = ViTImageProcessor.from_pretrained(pretrained_model_name_or_path)
                     ^^^^^^^^^^^^^^^^^^^^^^^^^^^^^^^^^^^^^^^^^^^^^^^^^^^^^^^^^^^^^^^^
  File "D:\Software\IDE\Anaconda\Lib\site-packages\transformers\image_processing_base.py", line 208, in from_pretrained
    image_processor_dict, kwargs = cls.get_image_processor_dict(pretrained_model_name_or_path, **kwargs)
                                   ^^^^^^^^^^^^^^^^^^^^^^^^^^^^^^^^^^^^^^^^^^^^^^^^^^^^^^^^^^^^^^^^^^^^^
  File "D:\Software\IDE\Anaconda\Lib\site-packages\transformers\image_processing_base.py", line 359, in get_image_processor_dict
    raise OSError(
OSError: Can't load image processor for 'C:\Users\Administrator\Desktop\shixi\project\Saber-Translator-main\src\interfaces\..\..\manga_ocr_model'. If you were trying to load it from 'https://huggingface.co/models', make sure you don't have a local directory with the same name. Otherwise, make sure 'C:\Users\Administrator\Desktop\shixi\project\Saber-Translator-main\src\interfaces\..\..\manga_ocr_model' is the correct path to a directory containing a preprocessor_config.json file

During handling of the above exception, another exception occurred:

Traceback (most recent call last):
  File "D:\Software\IDE\Anaconda\Lib\site-packages\transformers\utils\hub.py", line 470, in cached_files
    hf_hub_download(
  File "D:\Software\IDE\Anaconda\Lib\site-packages\huggingface_hub\utils\_validators.py", line 114, in _inner_fn
    return fn(*args, **kwargs)
           ^^^^^^^^^^^^^^^^^^^
  File "D:\Software\IDE\Anaconda\Lib\site-packages\huggingface_hub\file_download.py", line 961, in hf_hub_download
    return _hf_hub_download_to_cache_dir(
           ^^^^^^^^^^^^^^^^^^^^^^^^^^^^^^
  File "D:\Software\IDE\Anaconda\Lib\site-packages\huggingface_hub\file_download.py", line 1068, in _hf_hub_download_to_cache_dir
    _raise_on_head_call_error(head_call_error, force_download, local_files_only)
  File "D:\Software\IDE\Anaconda\Lib\site-packages\huggingface_hub\file_download.py", line 1587, in _raise_on_head_call_error
    raise LocalEntryNotFoundError(
huggingface_hub.errors.LocalEntryNotFoundError: Cannot find the requested files in the disk cache and outgoing traffic has been disabled. To enable hf.co look-ups and downloads online, set 'local_files_only' to False.

The above exception was the direct cause of the following exception:

Traceback (most recent call last):
  File "C:\Users\Administrator\Desktop\shixi\project\Saber-Translator-main\src\interfaces\manga_ocr_interface.py", line 109, in get_manga_ocr_instance
    _manga_ocr_instance = manga_ocr.MangaOcr(force_cpu=force_cpu)
                          ^^^^^^^^^^^^^^^^^^^^^^^^^^^^^^^^^^^^^^^
  File "D:\Software\IDE\Anaconda\Lib\site-packages\manga_ocr\ocr.py", line 17, in __init__
    self.processor = ViTImageProcessor.from_pretrained(pretrained_model_name_or_path)
                     ^^^^^^^^^^^^^^^^^^^^^^^^^^^^^^^^^^^^^^^^^^^^^^^^^^^^^^^^^^^^^^^^
  File "D:\Software\IDE\Anaconda\Lib\site-packages\transformers\image_processing_base.py", line 208, in from_pretrained
    image_processor_dict, kwargs = cls.get_image_processor_dict(pretrained_model_name_or_path, **kwargs)
                                   ^^^^^^^^^^^^^^^^^^^^^^^^^^^^^^^^^^^^^^^^^^^^^^^^^^^^^^^^^^^^^^^^^^^^^
  File "D:\Software\IDE\Anaconda\Lib\site-packages\transformers\image_processing_base.py", line 340, in get_image_processor_dict
    resolved_image_processor_file = cached_file(
                                    ^^^^^^^^^^^^
  File "D:\Software\IDE\Anaconda\Lib\site-packages\transformers\utils\hub.py", line 312, in cached_file
    file = cached_files(path_or_repo_id=path_or_repo_id, filenames=[filename], **kwargs)
           ^^^^^^^^^^^^^^^^^^^^^^^^^^^^^^^^^^^^^^^^^^^^^^^^^^^^^^^^^^^^^^^^^^^^^^^^^^^^^
  File "D:\Software\IDE\Anaconda\Lib\site-packages\transformers\utils\hub.py", line 543, in cached_files
    raise OSError(
OSError: We couldn't connect to 'https://huggingface.co' to load the files, and couldn't find them in the cached files.
Checkout your internet connection or see how to run the library in offline mode at 'https://huggingface.co/docs/transformers/installation#offline-mode'.
2025-07-04 08:55:05 - MangaOCRInterface - [31mERROR[0m - [31mâŒ MangaOCR æ¨¡å‹é¢„åŠ è½½å¤±è´¥ã€‚[0m
